<?xml version="1.0" encoding="UTF-8"?>
<robot generator="Robot 5.0.1 (Python 3.10.5 on win32)" generated="20221114 19:16:34.681" rpa="false" schemaversion="3">
<suite id="s1" name="Header main" source="C:\Bond automation\Jenkins-Git\Tests\Mobile_tests\Header_Tests\Header_main.robot">
<test id="s1-t1" name="Confirm redirection of quick links from search suggestions" line="14">
<kw name="Begin Web Test" library="common" type="SETUP">
<kw name="Open Excel Document" library="ExcelLibrary">
<arg>filename=Resources/JioWeb.xlsx</arg>
<arg>doc_id=JioWeb</arg>
<doc>Opens xlsx document file.</doc>
<status status="PASS" starttime="20221114 19:16:35.892" endtime="20221114 19:16:35.908"/>
</kw>
<kw name="Open Browser" library="SeleniumLibrary">
<arg>about:blank</arg>
<arg>${Browser}</arg>
<doc>Opens a new browser instance to the optional ``url``.</doc>
<msg timestamp="20221114 19:16:35.909" level="INFO">Opening browser 'chrome' to base url 'about:blank'.</msg>
<status status="PASS" starttime="20221114 19:16:35.908" endtime="20221114 19:16:39.628"/>
</kw>
<kw name="Maximize Browser Window" library="SeleniumLibrary">
<doc>Maximizes current browser window.</doc>
<status status="PASS" starttime="20221114 19:16:39.629" endtime="20221114 19:16:39.754"/>
</kw>
<status status="PASS" starttime="20221114 19:16:35.892" endtime="20221114 19:16:39.754"/>
</kw>
<kw name="Verify redirections of all quick links from search suggestions" library="MobileHeader_page">
<kw name="Quicklinks Redirection" library="GlobalSearch">
<kw name="Visit Mobile Header page of Jio.com" library="MobileHeader_page">
<kw name="Landing on Mobile Page For Header" library="RedirectionForHeader">
<kw name="Visit Jio.com And Goto" library="common">
<arg>${Mobile}</arg>
<kw name="Visit Jio.com" library="common">
<kw name="Go To" library="SeleniumLibrary">
<arg>${URL}</arg>
<doc>Navigates the current browser window to the provided ``url``.</doc>
<msg timestamp="20221114 19:16:39.755" level="INFO">Opening url 'https://www.jio.com/'</msg>
<status status="PASS" starttime="20221114 19:16:39.755" endtime="20221114 19:17:00.205"/>
</kw>
<kw name="Sleep" library="BuiltIn">
<arg>500ms</arg>
<doc>Pauses the test executed for the given time.</doc>
<msg timestamp="20221114 19:17:00.713" level="INFO">Slept 500 milliseconds</msg>
<status status="PASS" starttime="20221114 19:17:00.205" endtime="20221114 19:17:00.713"/>
</kw>
<status status="PASS" starttime="20221114 19:16:39.755" endtime="20221114 19:17:00.713"/>
</kw>
<kw name="Wait For And Click Element" library="common">
<arg>${Page}</arg>
<kw name="Wait Until Element Is Visible" library="SeleniumLibrary">
<arg>${locator}</arg>
<doc>Waits until the element ``locator`` is visible.</doc>
<status status="PASS" starttime="20221114 19:17:00.714" endtime="20221114 19:17:00.751"/>
</kw>
<kw name="Click Element" library="SeleniumLibrary">
<arg>${locator}</arg>
<doc>Click the element identified by ``locator``.</doc>
<msg timestamp="20221114 19:17:00.752" level="INFO">Clicking element 'xpath=//a[@aria-label="Mobile"]'.</msg>
<status status="PASS" starttime="20221114 19:17:00.751" endtime="20221114 19:17:01.268"/>
</kw>
<kw name="Sleep" library="BuiltIn">
<arg>50ms</arg>
<doc>Pauses the test executed for the given time.</doc>
<msg timestamp="20221114 19:17:01.327" level="INFO">Slept 50 milliseconds</msg>
<status status="PASS" starttime="20221114 19:17:01.268" endtime="20221114 19:17:01.327"/>
</kw>
<status status="PASS" starttime="20221114 19:17:00.713" endtime="20221114 19:17:01.327"/>
</kw>
<status status="PASS" starttime="20221114 19:16:39.755" endtime="20221114 19:17:01.327"/>
</kw>
<kw name="URL Validation" library="common">
<arg>https://www.jio.com/mobile.html</arg>
<kw name="Sleep" library="BuiltIn">
<arg>500ms</arg>
<doc>Pauses the test executed for the given time.</doc>
<msg timestamp="20221114 19:17:01.838" level="INFO">Slept 500 milliseconds</msg>
<status status="PASS" starttime="20221114 19:17:01.327" endtime="20221114 19:17:01.838"/>
</kw>
<kw name="Wait Until Location Is" library="SeleniumLibrary">
<arg>${VURL}</arg>
<doc>Waits until the current URL is ``expected``.</doc>
<status status="PASS" starttime="20221114 19:17:01.838" endtime="20221114 19:17:01.843"/>
</kw>
<status status="PASS" starttime="20221114 19:17:01.327" endtime="20221114 19:17:01.843"/>
</kw>
<kw name="Set Screenshot Directory" library="SeleniumLibrary">
<arg>./Results/Mobile_Results/Header_Results/Header_Sc/</arg>
<doc>Sets the directory for captured screenshots.</doc>
<status status="PASS" starttime="20221114 19:17:01.843" endtime="20221114 19:17:01.845"/>
</kw>
<kw name="Take Screenshot" library="common">
<arg>MobilePage_Header_Loaded</arg>
<kw name="Sleep" library="BuiltIn">
<arg>300ms</arg>
<doc>Pauses the test executed for the given time.</doc>
<msg timestamp="20221114 19:17:02.151" level="INFO">Slept 300 milliseconds</msg>
<status status="PASS" starttime="20221114 19:17:01.845" endtime="20221114 19:17:02.151"/>
</kw>
<kw name="Capture Page Screenshot" library="SeleniumLibrary">
<arg>${Sc_Name}.png</arg>
<doc>Takes a screenshot of the current page and embeds it into a log file.</doc>
<msg timestamp="20221114 19:17:02.290" level="INFO" html="true">&lt;/td&gt;&lt;/tr&gt;&lt;tr&gt;&lt;td colspan="3"&gt;&lt;a href="Header_Sc/MobilePage_Header_Loaded.png"&gt;&lt;img src="Header_Sc/MobilePage_Header_Loaded.png" width="800px"&gt;&lt;/a&gt;</msg>
<status status="PASS" starttime="20221114 19:17:02.151" endtime="20221114 19:17:02.290"/>
</kw>
<status status="PASS" starttime="20221114 19:17:01.845" endtime="20221114 19:17:02.290"/>
</kw>
<status status="PASS" starttime="20221114 19:16:39.755" endtime="20221114 19:17:02.290"/>
</kw>
<status status="PASS" starttime="20221114 19:16:39.755" endtime="20221114 19:17:02.290"/>
</kw>
<kw name="Wait For And Click Element" library="common">
<arg>xpath=//input[contains(@onclick,"Search")]</arg>
<kw name="Wait Until Element Is Visible" library="SeleniumLibrary">
<arg>${locator}</arg>
<doc>Waits until the element ``locator`` is visible.</doc>
<status status="PASS" starttime="20221114 19:17:02.291" endtime="20221114 19:17:06.086"/>
</kw>
<kw name="Click Element" library="SeleniumLibrary">
<arg>${locator}</arg>
<doc>Click the element identified by ``locator``.</doc>
<msg timestamp="20221114 19:17:06.087" level="INFO">Clicking element 'xpath=//input[contains(@onclick,"Search")]'.</msg>
<status status="PASS" starttime="20221114 19:17:06.086" endtime="20221114 19:17:06.152"/>
</kw>
<kw name="Sleep" library="BuiltIn">
<arg>50ms</arg>
<doc>Pauses the test executed for the given time.</doc>
<msg timestamp="20221114 19:17:06.211" level="INFO">Slept 50 milliseconds</msg>
<status status="PASS" starttime="20221114 19:17:06.152" endtime="20221114 19:17:06.211"/>
</kw>
<status status="PASS" starttime="20221114 19:17:02.290" endtime="20221114 19:17:06.211"/>
</kw>
<kw name="Wait For And Verify Element" library="common">
<arg>xpath=//div[@class="pkv-searchresult-section-inner"]</arg>
<kw name="Wait Until Element Is Visible" library="SeleniumLibrary">
<arg>${locator}</arg>
<doc>Waits until the element ``locator`` is visible.</doc>
<status status="PASS" starttime="20221114 19:17:06.212" endtime="20221114 19:17:06.669"/>
</kw>
<kw name="Wait Until Page Contains Element" library="SeleniumLibrary">
<arg>${locator}</arg>
<doc>Waits until the element ``locator`` appears on the current page.</doc>
<status status="PASS" starttime="20221114 19:17:06.669" endtime="20221114 19:17:06.676"/>
</kw>
<status status="PASS" starttime="20221114 19:17:06.211" endtime="20221114 19:17:06.676"/>
</kw>
<kw name="Take Element Screenshot" library="common">
<arg>xpath=//div[@class="pkv-searchresult-section-inner"]</arg>
<arg>Search_Expanded</arg>
<kw name="Sleep" library="BuiltIn">
<arg>200ms</arg>
<doc>Pauses the test executed for the given time.</doc>
<msg timestamp="20221114 19:17:06.891" level="INFO">Slept 200 milliseconds</msg>
<status status="PASS" starttime="20221114 19:17:06.676" endtime="20221114 19:17:06.891"/>
</kw>
<kw name="Capture Element Screenshot" library="SeleniumLibrary">
<arg>${locator}</arg>
<arg>${SC_name}.png</arg>
<doc>Captures a screenshot from the element identified by ``locator`` and embeds it into log file.</doc>
<msg timestamp="20221114 19:17:07.075" level="INFO" html="true">&lt;/td&gt;&lt;/tr&gt;&lt;tr&gt;&lt;td colspan="3"&gt;&lt;a href="Header_Sc/Search_Expanded.png"&gt;&lt;img src="Header_Sc/Search_Expanded.png" width="400px"&gt;&lt;/a&gt;</msg>
<status status="PASS" starttime="20221114 19:17:06.891" endtime="20221114 19:17:07.075"/>
</kw>
<status status="PASS" starttime="20221114 19:17:06.676" endtime="20221114 19:17:07.075"/>
</kw>
<kw name="Get WebElements" library="SeleniumLibrary">
<var>@{suggestions}</var>
<arg>xpath=//li[@class="pkv-searchresult-item"]</arg>
<doc>Returns a list of WebElement objects matching the ``locator``.</doc>
<msg timestamp="20221114 19:17:07.086" level="INFO">@{suggestions} = [ &lt;selenium.webdriver.remote.webelement.WebElement (session="db747c1e9e5691c058cfe6a020031ed4", element="0b51421a-c1a1-448f-9b18-7e15f547e0b7")&gt; | &lt;selenium.webdriver.remote.webelement.WebElement (ses...</msg>
<status status="PASS" starttime="20221114 19:17:07.075" endtime="20221114 19:17:07.086"/>
</kw>
<kw name="Get Length" library="BuiltIn">
<var>${len}</var>
<arg>${suggestions}</arg>
<doc>Returns and logs the length of the given item as an integer.</doc>
<msg timestamp="20221114 19:17:07.087" level="INFO">Length is 6</msg>
<msg timestamp="20221114 19:17:07.087" level="INFO">${len} = 6</msg>
<status status="PASS" starttime="20221114 19:17:07.087" endtime="20221114 19:17:07.087"/>
</kw>
<kw name="Log To Console" library="BuiltIn">
<arg>${len}</arg>
<doc>Logs the given message to the console.</doc>
<status status="PASS" starttime="20221114 19:17:07.087" endtime="20221114 19:17:07.087"/>
</kw>
<for flavor="IN RANGE">
<var>${i}</var>
<value>1</value>
<value>${len}+1</value>
<iter>
<var name="${i}">1</var>
<kw name="Get Text" library="SeleniumLibrary">
<var>${text}</var>
<arg>(//li[@class="pkv-searchresult-item"]//div[@class="item-text j-text-body-xs"])[${i}]</arg>
<doc>Returns the text value of the element identified by ``locator``.</doc>
<msg timestamp="20221114 19:17:07.108" level="INFO">${text} = Recharge</msg>
<status status="PASS" starttime="20221114 19:17:07.087" endtime="20221114 19:17:07.108"/>
</kw>
<kw name="Get Element Attribute" library="SeleniumLibrary">
<var>${search_url}</var>
<arg>xpath=//a[contains(@onclick,'${i}')]</arg>
<arg>href</arg>
<doc>Returns the value of ``attribute`` from the element ``locator``.</doc>
<msg timestamp="20221114 19:17:07.132" level="INFO">${search_url} = https://www.jio.com/selfcare/recharge/mobility/</msg>
<status status="PASS" starttime="20221114 19:17:07.109" endtime="20221114 19:17:07.132"/>
</kw>
<kw name="Wait For And Click Element" library="common">
<arg>(//li[@class="pkv-searchresult-item"])[${i}]</arg>
<kw name="Wait Until Element Is Visible" library="SeleniumLibrary">
<arg>${locator}</arg>
<doc>Waits until the element ``locator`` is visible.</doc>
<status status="PASS" starttime="20221114 19:17:07.132" endtime="20221114 19:17:07.150"/>
</kw>
<kw name="Click Element" library="SeleniumLibrary">
<arg>${locator}</arg>
<doc>Click the element identified by ``locator``.</doc>
<msg timestamp="20221114 19:17:07.150" level="INFO">Clicking element '(//li[@class="pkv-searchresult-item"])[1]'.</msg>
<status status="PASS" starttime="20221114 19:17:07.150" endtime="20221114 19:17:08.678"/>
</kw>
<kw name="Sleep" library="BuiltIn">
<arg>50ms</arg>
<doc>Pauses the test executed for the given time.</doc>
<msg timestamp="20221114 19:17:08.740" level="INFO">Slept 50 milliseconds</msg>
<status status="PASS" starttime="20221114 19:17:08.678" endtime="20221114 19:17:08.740"/>
</kw>
<status status="PASS" starttime="20221114 19:17:07.132" endtime="20221114 19:17:08.741"/>
</kw>
<kw name="Sleep" library="BuiltIn">
<arg>1.5s</arg>
<doc>Pauses the test executed for the given time.</doc>
<msg timestamp="20221114 19:17:10.243" level="INFO">Slept 1 second 500 milliseconds</msg>
<status status="PASS" starttime="20221114 19:17:08.741" endtime="20221114 19:17:10.243"/>
</kw>
<kw name="Take Screenshot" library="common">
<arg>quicklink_${text}</arg>
<kw name="Sleep" library="BuiltIn">
<arg>300ms</arg>
<doc>Pauses the test executed for the given time.</doc>
<msg timestamp="20221114 19:17:10.558" level="INFO">Slept 300 milliseconds</msg>
<status status="PASS" starttime="20221114 19:17:10.244" endtime="20221114 19:17:10.558"/>
</kw>
<kw name="Capture Page Screenshot" library="SeleniumLibrary">
<arg>${Sc_Name}.png</arg>
<doc>Takes a screenshot of the current page and embeds it into a log file.</doc>
<msg timestamp="20221114 19:17:10.727" level="INFO" html="true">&lt;/td&gt;&lt;/tr&gt;&lt;tr&gt;&lt;td colspan="3"&gt;&lt;a href="Header_Sc/quicklink_Recharge.png"&gt;&lt;img src="Header_Sc/quicklink_Recharge.png" width="800px"&gt;&lt;/a&gt;</msg>
<status status="PASS" starttime="20221114 19:17:10.558" endtime="20221114 19:17:10.727"/>
</kw>
<status status="PASS" starttime="20221114 19:17:10.243" endtime="20221114 19:17:10.727"/>
</kw>
<kw name="Log To Console" library="BuiltIn">
<arg>quicklink_${text} : ${search_url} Page Verified</arg>
<doc>Logs the given message to the console.</doc>
<status status="PASS" starttime="20221114 19:17:10.727" endtime="20221114 19:17:10.728"/>
</kw>
<kw name="Sleep" library="BuiltIn">
<arg>1.5s</arg>
<doc>Pauses the test executed for the given time.</doc>
<msg timestamp="20221114 19:17:12.236" level="INFO">Slept 1 second 500 milliseconds</msg>
<status status="PASS" starttime="20221114 19:17:10.728" endtime="20221114 19:17:12.236"/>
</kw>
<kw name="Visit Jio.com And Goto" library="common">
<arg>${Mobile}</arg>
<kw name="Visit Jio.com" library="common">
<kw name="Go To" library="SeleniumLibrary">
<arg>${URL}</arg>
<doc>Navigates the current browser window to the provided ``url``.</doc>
<msg timestamp="20221114 19:17:12.238" level="INFO">Opening url 'https://www.jio.com/'</msg>
<status status="PASS" starttime="20221114 19:17:12.237" endtime="20221114 19:17:12.572"/>
</kw>
<kw name="Sleep" library="BuiltIn">
<arg>500ms</arg>
<doc>Pauses the test executed for the given time.</doc>
<msg timestamp="20221114 19:17:13.084" level="INFO">Slept 500 milliseconds</msg>
<status status="PASS" starttime="20221114 19:17:12.572" endtime="20221114 19:17:13.084"/>
</kw>
<status status="PASS" starttime="20221114 19:17:12.237" endtime="20221114 19:17:13.084"/>
</kw>
<kw name="Wait For And Click Element" library="common">
<arg>${Page}</arg>
<kw name="Wait Until Element Is Visible" library="SeleniumLibrary">
<arg>${locator}</arg>
<doc>Waits until the element ``locator`` is visible.</doc>
<status status="PASS" starttime="20221114 19:17:13.085" endtime="20221114 19:17:17.459"/>
</kw>
<kw name="Click Element" library="SeleniumLibrary">
<arg>${locator}</arg>
<doc>Click the element identified by ``locator``.</doc>
<msg timestamp="20221114 19:17:17.459" level="INFO">Clicking element 'xpath=//a[@aria-label="Mobile"]'.</msg>
<status status="PASS" starttime="20221114 19:17:17.459" endtime="20221114 19:17:17.733"/>
</kw>
<kw name="Sleep" library="BuiltIn">
<arg>50ms</arg>
<doc>Pauses the test executed for the given time.</doc>
<msg timestamp="20221114 19:17:17.783" level="INFO">Slept 50 milliseconds</msg>
<status status="PASS" starttime="20221114 19:17:17.733" endtime="20221114 19:17:17.783"/>
</kw>
<status status="PASS" starttime="20221114 19:17:13.084" endtime="20221114 19:17:17.783"/>
</kw>
<status status="PASS" starttime="20221114 19:17:12.236" endtime="20221114 19:17:17.783"/>
</kw>
<kw name="Wait For And Verify Element" library="common">
<arg>xpath=//input[contains(@onclick,"Search")]</arg>
<kw name="Wait Until Element Is Visible" library="SeleniumLibrary">
<arg>${locator}</arg>
<doc>Waits until the element ``locator`` is visible.</doc>
<status status="PASS" starttime="20221114 19:17:17.784" endtime="20221114 19:17:22.699"/>
</kw>
<kw name="Wait Until Page Contains Element" library="SeleniumLibrary">
<arg>${locator}</arg>
<doc>Waits until the element ``locator`` appears on the current page.</doc>
<status status="PASS" starttime="20221114 19:17:22.699" endtime="20221114 19:17:22.706"/>
</kw>
<status status="PASS" starttime="20221114 19:17:17.784" endtime="20221114 19:17:22.706"/>
</kw>
<kw name="Wait For And Click Element" library="common">
<arg>xpath=//input[contains(@onclick,"Search")]</arg>
<kw name="Wait Until Element Is Visible" library="SeleniumLibrary">
<arg>${locator}</arg>
<doc>Waits until the element ``locator`` is visible.</doc>
<status status="PASS" starttime="20221114 19:17:22.706" endtime="20221114 19:17:22.722"/>
</kw>
<kw name="Click Element" library="SeleniumLibrary">
<arg>${locator}</arg>
<doc>Click the element identified by ``locator``.</doc>
<msg timestamp="20221114 19:17:22.722" level="INFO">Clicking element 'xpath=//input[contains(@onclick,"Search")]'.</msg>
<status status="PASS" starttime="20221114 19:17:22.722" endtime="20221114 19:17:22.785"/>
</kw>
<kw name="Sleep" library="BuiltIn">
<arg>50ms</arg>
<doc>Pauses the test executed for the given time.</doc>
<msg timestamp="20221114 19:17:22.840" level="INFO">Slept 50 milliseconds</msg>
<status status="PASS" starttime="20221114 19:17:22.786" endtime="20221114 19:17:22.840"/>
</kw>
<status status="PASS" starttime="20221114 19:17:22.706" endtime="20221114 19:17:22.841"/>
</kw>
<kw name="Wait For And Verify Element" library="common">
<arg>xpath=//div[@class="pkv-searchresult-section-inner"]</arg>
<kw name="Wait Until Element Is Visible" library="SeleniumLibrary">
<arg>${locator}</arg>
<doc>Waits until the element ``locator`` is visible.</doc>
<status status="PASS" starttime="20221114 19:17:22.841" endtime="20221114 19:17:23.309"/>
</kw>
<kw name="Wait Until Page Contains Element" library="SeleniumLibrary">
<arg>${locator}</arg>
<doc>Waits until the element ``locator`` appears on the current page.</doc>
<status status="PASS" starttime="20221114 19:17:23.309" endtime="20221114 19:17:23.316"/>
</kw>
<status status="PASS" starttime="20221114 19:17:22.841" endtime="20221114 19:17:23.316"/>
</kw>
<kw name="Sleep" library="BuiltIn">
<arg>0.5s</arg>
<doc>Pauses the test executed for the given time.</doc>
<msg timestamp="20221114 19:17:23.831" level="INFO">Slept 500 milliseconds</msg>
<status status="PASS" starttime="20221114 19:17:23.317" endtime="20221114 19:17:23.831"/>
</kw>
<status status="PASS" starttime="20221114 19:17:07.087" endtime="20221114 19:17:23.831"/>
</iter>
<iter>
<var name="${i}">2</var>
<kw name="Get Text" library="SeleniumLibrary">
<var>${text}</var>
<arg>(//li[@class="pkv-searchresult-item"]//div[@class="item-text j-text-body-xs"])[${i}]</arg>
<doc>Returns the text value of the element identified by ``locator``.</doc>
<msg timestamp="20221114 19:17:23.852" level="INFO">${text} = Plans</msg>
<status status="PASS" starttime="20221114 19:17:23.831" endtime="20221114 19:17:23.852"/>
</kw>
<kw name="Get Element Attribute" library="SeleniumLibrary">
<var>${search_url}</var>
<arg>xpath=//a[contains(@onclick,'${i}')]</arg>
<arg>href</arg>
<doc>Returns the value of ``attribute`` from the element ``locator``.</doc>
<msg timestamp="20221114 19:17:23.872" level="INFO">${search_url} = https://www.jio.com/en-in/4g-plans</msg>
<status status="PASS" starttime="20221114 19:17:23.852" endtime="20221114 19:17:23.872"/>
</kw>
<kw name="Wait For And Click Element" library="common">
<arg>(//li[@class="pkv-searchresult-item"])[${i}]</arg>
<kw name="Wait Until Element Is Visible" library="SeleniumLibrary">
<arg>${locator}</arg>
<doc>Waits until the element ``locator`` is visible.</doc>
<status status="PASS" starttime="20221114 19:17:23.873" endtime="20221114 19:17:23.894"/>
</kw>
<kw name="Click Element" library="SeleniumLibrary">
<arg>${locator}</arg>
<doc>Click the element identified by ``locator``.</doc>
<msg timestamp="20221114 19:17:23.895" level="INFO">Clicking element '(//li[@class="pkv-searchresult-item"])[2]'.</msg>
<status status="PASS" starttime="20221114 19:17:23.894" endtime="20221114 19:17:24.838"/>
</kw>
<kw name="Sleep" library="BuiltIn">
<arg>50ms</arg>
<doc>Pauses the test executed for the given time.</doc>
<msg timestamp="20221114 19:17:24.896" level="INFO">Slept 50 milliseconds</msg>
<status status="PASS" starttime="20221114 19:17:24.838" endtime="20221114 19:17:24.896"/>
</kw>
<status status="PASS" starttime="20221114 19:17:23.872" endtime="20221114 19:17:24.896"/>
</kw>
<kw name="Sleep" library="BuiltIn">
<arg>1.5s</arg>
<doc>Pauses the test executed for the given time.</doc>
<msg timestamp="20221114 19:17:26.406" level="INFO">Slept 1 second 500 milliseconds</msg>
<status status="PASS" starttime="20221114 19:17:24.896" endtime="20221114 19:17:26.406"/>
</kw>
<kw name="Take Screenshot" library="common">
<arg>quicklink_${text}</arg>
<kw name="Sleep" library="BuiltIn">
<arg>300ms</arg>
<doc>Pauses the test executed for the given time.</doc>
<msg timestamp="20221114 19:17:26.720" level="INFO">Slept 300 milliseconds</msg>
<status status="PASS" starttime="20221114 19:17:26.407" endtime="20221114 19:17:26.720"/>
</kw>
<kw name="Capture Page Screenshot" library="SeleniumLibrary">
<arg>${Sc_Name}.png</arg>
<doc>Takes a screenshot of the current page and embeds it into a log file.</doc>
<msg timestamp="20221114 19:17:26.865" level="INFO" html="true">&lt;/td&gt;&lt;/tr&gt;&lt;tr&gt;&lt;td colspan="3"&gt;&lt;a href="Header_Sc/quicklink_Plans.png"&gt;&lt;img src="Header_Sc/quicklink_Plans.png" width="800px"&gt;&lt;/a&gt;</msg>
<status status="PASS" starttime="20221114 19:17:26.720" endtime="20221114 19:17:26.865"/>
</kw>
<status status="PASS" starttime="20221114 19:17:26.406" endtime="20221114 19:17:26.865"/>
</kw>
<kw name="Log To Console" library="BuiltIn">
<arg>quicklink_${text} : ${search_url} Page Verified</arg>
<doc>Logs the given message to the console.</doc>
<status status="PASS" starttime="20221114 19:17:26.865" endtime="20221114 19:17:26.865"/>
</kw>
<kw name="Sleep" library="BuiltIn">
<arg>1.5s</arg>
<doc>Pauses the test executed for the given time.</doc>
<msg timestamp="20221114 19:17:28.371" level="INFO">Slept 1 second 500 milliseconds</msg>
<status status="PASS" starttime="20221114 19:17:26.865" endtime="20221114 19:17:28.371"/>
</kw>
<kw name="Visit Jio.com And Goto" library="common">
<arg>${Mobile}</arg>
<kw name="Visit Jio.com" library="common">
<kw name="Go To" library="SeleniumLibrary">
<arg>${URL}</arg>
<doc>Navigates the current browser window to the provided ``url``.</doc>
<msg timestamp="20221114 19:17:28.372" level="INFO">Opening url 'https://www.jio.com/'</msg>
<status status="PASS" starttime="20221114 19:17:28.371" endtime="20221114 19:17:28.696"/>
</kw>
<kw name="Sleep" library="BuiltIn">
<arg>500ms</arg>
<doc>Pauses the test executed for the given time.</doc>
<msg timestamp="20221114 19:17:29.209" level="INFO">Slept 500 milliseconds</msg>
<status status="PASS" starttime="20221114 19:17:28.696" endtime="20221114 19:17:29.209"/>
</kw>
<status status="PASS" starttime="20221114 19:17:28.371" endtime="20221114 19:17:29.209"/>
</kw>
<kw name="Wait For And Click Element" library="common">
<arg>${Page}</arg>
<kw name="Wait Until Element Is Visible" library="SeleniumLibrary">
<arg>${locator}</arg>
<doc>Waits until the element ``locator`` is visible.</doc>
<status status="PASS" starttime="20221114 19:17:29.210" endtime="20221114 19:17:33.521"/>
</kw>
<kw name="Click Element" library="SeleniumLibrary">
<arg>${locator}</arg>
<doc>Click the element identified by ``locator``.</doc>
<msg timestamp="20221114 19:17:33.522" level="INFO">Clicking element 'xpath=//a[@aria-label="Mobile"]'.</msg>
<status status="PASS" starttime="20221114 19:17:33.521" endtime="20221114 19:17:33.823"/>
</kw>
<kw name="Sleep" library="BuiltIn">
<arg>50ms</arg>
<doc>Pauses the test executed for the given time.</doc>
<msg timestamp="20221114 19:17:33.878" level="INFO">Slept 50 milliseconds</msg>
<status status="PASS" starttime="20221114 19:17:33.823" endtime="20221114 19:17:33.878"/>
</kw>
<status status="PASS" starttime="20221114 19:17:29.210" endtime="20221114 19:17:33.878"/>
</kw>
<status status="PASS" starttime="20221114 19:17:28.371" endtime="20221114 19:17:33.878"/>
</kw>
<kw name="Wait For And Verify Element" library="common">
<arg>xpath=//input[contains(@onclick,"Search")]</arg>
<kw name="Wait Until Element Is Visible" library="SeleniumLibrary">
<arg>${locator}</arg>
<doc>Waits until the element ``locator`` is visible.</doc>
<status status="PASS" starttime="20221114 19:17:33.879" endtime="20221114 19:17:38.761"/>
</kw>
<kw name="Wait Until Page Contains Element" library="SeleniumLibrary">
<arg>${locator}</arg>
<doc>Waits until the element ``locator`` appears on the current page.</doc>
<status status="PASS" starttime="20221114 19:17:38.761" endtime="20221114 19:17:38.768"/>
</kw>
<status status="PASS" starttime="20221114 19:17:33.878" endtime="20221114 19:17:38.769"/>
</kw>
<kw name="Wait For And Click Element" library="common">
<arg>xpath=//input[contains(@onclick,"Search")]</arg>
<kw name="Wait Until Element Is Visible" library="SeleniumLibrary">
<arg>${locator}</arg>
<doc>Waits until the element ``locator`` is visible.</doc>
<status status="PASS" starttime="20221114 19:17:38.769" endtime="20221114 19:17:38.784"/>
</kw>
<kw name="Click Element" library="SeleniumLibrary">
<arg>${locator}</arg>
<doc>Click the element identified by ``locator``.</doc>
<msg timestamp="20221114 19:17:38.785" level="INFO">Clicking element 'xpath=//input[contains(@onclick,"Search")]'.</msg>
<status status="PASS" starttime="20221114 19:17:38.784" endtime="20221114 19:17:38.848"/>
</kw>
<kw name="Sleep" library="BuiltIn">
<arg>50ms</arg>
<doc>Pauses the test executed for the given time.</doc>
<msg timestamp="20221114 19:17:38.910" level="INFO">Slept 50 milliseconds</msg>
<status status="PASS" starttime="20221114 19:17:38.848" endtime="20221114 19:17:38.910"/>
</kw>
<status status="PASS" starttime="20221114 19:17:38.769" endtime="20221114 19:17:38.910"/>
</kw>
<kw name="Wait For And Verify Element" library="common">
<arg>xpath=//div[@class="pkv-searchresult-section-inner"]</arg>
<kw name="Wait Until Element Is Visible" library="SeleniumLibrary">
<arg>${locator}</arg>
<doc>Waits until the element ``locator`` is visible.</doc>
<status status="PASS" starttime="20221114 19:17:38.910" endtime="20221114 19:17:39.372"/>
</kw>
<kw name="Wait Until Page Contains Element" library="SeleniumLibrary">
<arg>${locator}</arg>
<doc>Waits until the element ``locator`` appears on the current page.</doc>
<status status="PASS" starttime="20221114 19:17:39.372" endtime="20221114 19:17:39.380"/>
</kw>
<status status="PASS" starttime="20221114 19:17:38.910" endtime="20221114 19:17:39.380"/>
</kw>
<kw name="Sleep" library="BuiltIn">
<arg>0.5s</arg>
<doc>Pauses the test executed for the given time.</doc>
<msg timestamp="20221114 19:17:39.889" level="INFO">Slept 500 milliseconds</msg>
<status status="PASS" starttime="20221114 19:17:39.380" endtime="20221114 19:17:39.889"/>
</kw>
<status status="PASS" starttime="20221114 19:17:23.831" endtime="20221114 19:17:39.889"/>
</iter>
<iter>
<var name="${i}">3</var>
<kw name="Get Text" library="SeleniumLibrary">
<var>${text}</var>
<arg>(//li[@class="pkv-searchresult-item"]//div[@class="item-text j-text-body-xs"])[${i}]</arg>
<doc>Returns the text value of the element identified by ``locator``.</doc>
<msg timestamp="20221114 19:17:39.913" level="INFO">${text} = My account</msg>
<status status="PASS" starttime="20221114 19:17:39.889" endtime="20221114 19:17:39.913"/>
</kw>
<kw name="Get Element Attribute" library="SeleniumLibrary">
<var>${search_url}</var>
<arg>xpath=//a[contains(@onclick,'${i}')]</arg>
<arg>href</arg>
<doc>Returns the value of ``attribute`` from the element ``locator``.</doc>
<msg timestamp="20221114 19:17:39.932" level="INFO">${search_url} = https://www.jio.com/dashboard/</msg>
<status status="PASS" starttime="20221114 19:17:39.913" endtime="20221114 19:17:39.932"/>
</kw>
<kw name="Wait For And Click Element" library="common">
<arg>(//li[@class="pkv-searchresult-item"])[${i}]</arg>
<kw name="Wait Until Element Is Visible" library="SeleniumLibrary">
<arg>${locator}</arg>
<doc>Waits until the element ``locator`` is visible.</doc>
<status status="PASS" starttime="20221114 19:17:39.932" endtime="20221114 19:17:39.953"/>
</kw>
<kw name="Click Element" library="SeleniumLibrary">
<arg>${locator}</arg>
<doc>Click the element identified by ``locator``.</doc>
<msg timestamp="20221114 19:17:39.953" level="INFO">Clicking element '(//li[@class="pkv-searchresult-item"])[3]'.</msg>
<status status="PASS" starttime="20221114 19:17:39.953" endtime="20221114 19:17:40.216"/>
</kw>
<kw name="Sleep" library="BuiltIn">
<arg>50ms</arg>
<doc>Pauses the test executed for the given time.</doc>
<msg timestamp="20221114 19:17:40.278" level="INFO">Slept 50 milliseconds</msg>
<status status="PASS" starttime="20221114 19:17:40.216" endtime="20221114 19:17:40.278"/>
</kw>
<status status="PASS" starttime="20221114 19:17:39.932" endtime="20221114 19:17:40.278"/>
</kw>
<kw name="Sleep" library="BuiltIn">
<arg>1.5s</arg>
<doc>Pauses the test executed for the given time.</doc>
<msg timestamp="20221114 19:17:41.779" level="INFO">Slept 1 second 500 milliseconds</msg>
<status status="PASS" starttime="20221114 19:17:40.278" endtime="20221114 19:17:41.779"/>
</kw>
<kw name="Take Screenshot" library="common">
<arg>quicklink_${text}</arg>
<kw name="Sleep" library="BuiltIn">
<arg>300ms</arg>
<doc>Pauses the test executed for the given time.</doc>
<msg timestamp="20221114 19:17:42.091" level="INFO">Slept 300 milliseconds</msg>
<status status="PASS" starttime="20221114 19:17:41.780" endtime="20221114 19:17:42.091"/>
</kw>
<kw name="Capture Page Screenshot" library="SeleniumLibrary">
<arg>${Sc_Name}.png</arg>
<doc>Takes a screenshot of the current page and embeds it into a log file.</doc>
<msg timestamp="20221114 19:17:43.221" level="INFO" html="true">&lt;/td&gt;&lt;/tr&gt;&lt;tr&gt;&lt;td colspan="3"&gt;&lt;a href="Header_Sc/quicklink_My%20account.png"&gt;&lt;img src="Header_Sc/quicklink_My%20account.png" width="800px"&gt;&lt;/a&gt;</msg>
<status status="PASS" starttime="20221114 19:17:42.091" endtime="20221114 19:17:43.221"/>
</kw>
<status status="PASS" starttime="20221114 19:17:41.779" endtime="20221114 19:17:43.221"/>
</kw>
<kw name="Log To Console" library="BuiltIn">
<arg>quicklink_${text} : ${search_url} Page Verified</arg>
<doc>Logs the given message to the console.</doc>
<status status="PASS" starttime="20221114 19:17:43.221" endtime="20221114 19:17:43.221"/>
</kw>
<kw name="Sleep" library="BuiltIn">
<arg>1.5s</arg>
<doc>Pauses the test executed for the given time.</doc>
<msg timestamp="20221114 19:17:44.725" level="INFO">Slept 1 second 500 milliseconds</msg>
<status status="PASS" starttime="20221114 19:17:43.221" endtime="20221114 19:17:44.725"/>
</kw>
<kw name="Visit Jio.com And Goto" library="common">
<arg>${Mobile}</arg>
<kw name="Visit Jio.com" library="common">
<kw name="Go To" library="SeleniumLibrary">
<arg>${URL}</arg>
<doc>Navigates the current browser window to the provided ``url``.</doc>
<msg timestamp="20221114 19:17:44.726" level="INFO">Opening url 'https://www.jio.com/'</msg>
<status status="PASS" starttime="20221114 19:17:44.726" endtime="20221114 19:17:45.064"/>
</kw>
<kw name="Sleep" library="BuiltIn">
<arg>500ms</arg>
<doc>Pauses the test executed for the given time.</doc>
<msg timestamp="20221114 19:17:45.570" level="INFO">Slept 500 milliseconds</msg>
<status status="PASS" starttime="20221114 19:17:45.065" endtime="20221114 19:17:45.570"/>
</kw>
<status status="PASS" starttime="20221114 19:17:44.726" endtime="20221114 19:17:45.570"/>
</kw>
<kw name="Wait For And Click Element" library="common">
<arg>${Page}</arg>
<kw name="Wait Until Element Is Visible" library="SeleniumLibrary">
<arg>${locator}</arg>
<doc>Waits until the element ``locator`` is visible.</doc>
<status status="PASS" starttime="20221114 19:17:45.571" endtime="20221114 19:17:49.948"/>
</kw>
<kw name="Click Element" library="SeleniumLibrary">
<arg>${locator}</arg>
<doc>Click the element identified by ``locator``.</doc>
<msg timestamp="20221114 19:17:49.949" level="INFO">Clicking element 'xpath=//a[@aria-label="Mobile"]'.</msg>
<status status="PASS" starttime="20221114 19:17:49.948" endtime="20221114 19:17:50.198"/>
</kw>
<kw name="Sleep" library="BuiltIn">
<arg>50ms</arg>
<doc>Pauses the test executed for the given time.</doc>
<msg timestamp="20221114 19:17:50.254" level="INFO">Slept 50 milliseconds</msg>
<status status="PASS" starttime="20221114 19:17:50.198" endtime="20221114 19:17:50.254"/>
</kw>
<status status="PASS" starttime="20221114 19:17:45.570" endtime="20221114 19:17:50.254"/>
</kw>
<status status="PASS" starttime="20221114 19:17:44.725" endtime="20221114 19:17:50.254"/>
</kw>
<kw name="Wait For And Verify Element" library="common">
<arg>xpath=//input[contains(@onclick,"Search")]</arg>
<kw name="Wait Until Element Is Visible" library="SeleniumLibrary">
<arg>${locator}</arg>
<doc>Waits until the element ``locator`` is visible.</doc>
<status status="PASS" starttime="20221114 19:17:50.255" endtime="20221114 19:17:55.128"/>
</kw>
<kw name="Wait Until Page Contains Element" library="SeleniumLibrary">
<arg>${locator}</arg>
<doc>Waits until the element ``locator`` appears on the current page.</doc>
<status status="PASS" starttime="20221114 19:17:55.128" endtime="20221114 19:17:55.135"/>
</kw>
<status status="PASS" starttime="20221114 19:17:50.254" endtime="20221114 19:17:55.135"/>
</kw>
<kw name="Wait For And Click Element" library="common">
<arg>xpath=//input[contains(@onclick,"Search")]</arg>
<kw name="Wait Until Element Is Visible" library="SeleniumLibrary">
<arg>${locator}</arg>
<doc>Waits until the element ``locator`` is visible.</doc>
<status status="PASS" starttime="20221114 19:17:55.135" endtime="20221114 19:17:55.153"/>
</kw>
<kw name="Click Element" library="SeleniumLibrary">
<arg>${locator}</arg>
<doc>Click the element identified by ``locator``.</doc>
<msg timestamp="20221114 19:17:55.154" level="INFO">Clicking element 'xpath=//input[contains(@onclick,"Search")]'.</msg>
<status status="PASS" starttime="20221114 19:17:55.154" endtime="20221114 19:17:55.222"/>
</kw>
<kw name="Sleep" library="BuiltIn">
<arg>50ms</arg>
<doc>Pauses the test executed for the given time.</doc>
<msg timestamp="20221114 19:17:55.284" level="INFO">Slept 50 milliseconds</msg>
<status status="PASS" starttime="20221114 19:17:55.222" endtime="20221114 19:17:55.284"/>
</kw>
<status status="PASS" starttime="20221114 19:17:55.135" endtime="20221114 19:17:55.284"/>
</kw>
<kw name="Wait For And Verify Element" library="common">
<arg>xpath=//div[@class="pkv-searchresult-section-inner"]</arg>
<kw name="Wait Until Element Is Visible" library="SeleniumLibrary">
<arg>${locator}</arg>
<doc>Waits until the element ``locator`` is visible.</doc>
<status status="PASS" starttime="20221114 19:17:55.285" endtime="20221114 19:17:55.738"/>
</kw>
<kw name="Wait Until Page Contains Element" library="SeleniumLibrary">
<arg>${locator}</arg>
<doc>Waits until the element ``locator`` appears on the current page.</doc>
<status status="PASS" starttime="20221114 19:17:55.738" endtime="20221114 19:17:55.748"/>
</kw>
<status status="PASS" starttime="20221114 19:17:55.284" endtime="20221114 19:17:55.749"/>
</kw>
<kw name="Sleep" library="BuiltIn">
<arg>0.5s</arg>
<doc>Pauses the test executed for the given time.</doc>
<msg timestamp="20221114 19:17:56.259" level="INFO">Slept 500 milliseconds</msg>
<status status="PASS" starttime="20221114 19:17:55.749" endtime="20221114 19:17:56.259"/>
</kw>
<status status="PASS" starttime="20221114 19:17:39.889" endtime="20221114 19:17:56.259"/>
</iter>
<iter>
<var name="${i}">4</var>
<kw name="Get Text" library="SeleniumLibrary">
<var>${text}</var>
<arg>(//li[@class="pkv-searchresult-item"]//div[@class="item-text j-text-body-xs"])[${i}]</arg>
<doc>Returns the text value of the element identified by ``locator``.</doc>
<msg timestamp="20221114 19:17:56.281" level="INFO">${text} = Get JioFiber</msg>
<status status="PASS" starttime="20221114 19:17:56.259" endtime="20221114 19:17:56.281"/>
</kw>
<kw name="Get Element Attribute" library="SeleniumLibrary">
<var>${search_url}</var>
<arg>xpath=//a[contains(@onclick,'${i}')]</arg>
<arg>href</arg>
<doc>Returns the value of ``attribute`` from the element ``locator``.</doc>
<msg timestamp="20221114 19:17:56.300" level="INFO">${search_url} = https://www.jio.com/registration</msg>
<status status="PASS" starttime="20221114 19:17:56.281" endtime="20221114 19:17:56.300"/>
</kw>
<kw name="Wait For And Click Element" library="common">
<arg>(//li[@class="pkv-searchresult-item"])[${i}]</arg>
<kw name="Wait Until Element Is Visible" library="SeleniumLibrary">
<arg>${locator}</arg>
<doc>Waits until the element ``locator`` is visible.</doc>
<status status="PASS" starttime="20221114 19:17:56.301" endtime="20221114 19:17:56.322"/>
</kw>
<kw name="Click Element" library="SeleniumLibrary">
<arg>${locator}</arg>
<doc>Click the element identified by ``locator``.</doc>
<msg timestamp="20221114 19:17:56.322" level="INFO">Clicking element '(//li[@class="pkv-searchresult-item"])[4]'.</msg>
<status status="PASS" starttime="20221114 19:17:56.322" endtime="20221114 19:17:57.498"/>
</kw>
<kw name="Sleep" library="BuiltIn">
<arg>50ms</arg>
<doc>Pauses the test executed for the given time.</doc>
<msg timestamp="20221114 19:17:57.553" level="INFO">Slept 50 milliseconds</msg>
<status status="PASS" starttime="20221114 19:17:57.498" endtime="20221114 19:17:57.553"/>
</kw>
<status status="PASS" starttime="20221114 19:17:56.300" endtime="20221114 19:17:57.553"/>
</kw>
<kw name="Sleep" library="BuiltIn">
<arg>1.5s</arg>
<doc>Pauses the test executed for the given time.</doc>
<msg timestamp="20221114 19:17:59.066" level="INFO">Slept 1 second 500 milliseconds</msg>
<status status="PASS" starttime="20221114 19:17:57.553" endtime="20221114 19:17:59.066"/>
</kw>
<kw name="Take Screenshot" library="common">
<arg>quicklink_${text}</arg>
<kw name="Sleep" library="BuiltIn">
<arg>300ms</arg>
<doc>Pauses the test executed for the given time.</doc>
<msg timestamp="20221114 19:17:59.379" level="INFO">Slept 300 milliseconds</msg>
<status status="PASS" starttime="20221114 19:17:59.066" endtime="20221114 19:17:59.379"/>
</kw>
<kw name="Capture Page Screenshot" library="SeleniumLibrary">
<arg>${Sc_Name}.png</arg>
<doc>Takes a screenshot of the current page and embeds it into a log file.</doc>
<msg timestamp="20221114 19:17:59.539" level="INFO" html="true">&lt;/td&gt;&lt;/tr&gt;&lt;tr&gt;&lt;td colspan="3"&gt;&lt;a href="Header_Sc/quicklink_Get%20JioFiber.png"&gt;&lt;img src="Header_Sc/quicklink_Get%20JioFiber.png" width="800px"&gt;&lt;/a&gt;</msg>
<status status="PASS" starttime="20221114 19:17:59.379" endtime="20221114 19:17:59.539"/>
</kw>
<status status="PASS" starttime="20221114 19:17:59.066" endtime="20221114 19:17:59.539"/>
</kw>
<kw name="Log To Console" library="BuiltIn">
<arg>quicklink_${text} : ${search_url} Page Verified</arg>
<doc>Logs the given message to the console.</doc>
<status status="PASS" starttime="20221114 19:17:59.539" endtime="20221114 19:17:59.539"/>
</kw>
<kw name="Sleep" library="BuiltIn">
<arg>1.5s</arg>
<doc>Pauses the test executed for the given time.</doc>
<msg timestamp="20221114 19:18:01.049" level="INFO">Slept 1 second 500 milliseconds</msg>
<status status="PASS" starttime="20221114 19:17:59.539" endtime="20221114 19:18:01.049"/>
</kw>
<kw name="Visit Jio.com And Goto" library="common">
<arg>${Mobile}</arg>
<kw name="Visit Jio.com" library="common">
<kw name="Go To" library="SeleniumLibrary">
<arg>${URL}</arg>
<doc>Navigates the current browser window to the provided ``url``.</doc>
<msg timestamp="20221114 19:18:01.051" level="INFO">Opening url 'https://www.jio.com/'</msg>
<status status="PASS" starttime="20221114 19:18:01.050" endtime="20221114 19:18:01.406"/>
</kw>
<kw name="Sleep" library="BuiltIn">
<arg>500ms</arg>
<doc>Pauses the test executed for the given time.</doc>
<msg timestamp="20221114 19:18:01.909" level="INFO">Slept 500 milliseconds</msg>
<status status="PASS" starttime="20221114 19:18:01.406" endtime="20221114 19:18:01.909"/>
</kw>
<status status="PASS" starttime="20221114 19:18:01.050" endtime="20221114 19:18:01.909"/>
</kw>
<kw name="Wait For And Click Element" library="common">
<arg>${Page}</arg>
<kw name="Wait Until Element Is Visible" library="SeleniumLibrary">
<arg>${locator}</arg>
<doc>Waits until the element ``locator`` is visible.</doc>
<status status="PASS" starttime="20221114 19:18:01.910" endtime="20221114 19:18:03.579"/>
</kw>
<kw name="Click Element" library="SeleniumLibrary">
<arg>${locator}</arg>
<doc>Click the element identified by ``locator``.</doc>
<msg timestamp="20221114 19:18:03.579" level="INFO">Clicking element 'xpath=//a[@aria-label="Mobile"]'.</msg>
<status status="PASS" starttime="20221114 19:18:03.579" endtime="20221114 19:18:03.882"/>
</kw>
<kw name="Sleep" library="BuiltIn">
<arg>50ms</arg>
<doc>Pauses the test executed for the given time.</doc>
<msg timestamp="20221114 19:18:03.940" level="INFO">Slept 50 milliseconds</msg>
<status status="PASS" starttime="20221114 19:18:03.882" endtime="20221114 19:18:03.940"/>
</kw>
<status status="PASS" starttime="20221114 19:18:01.909" endtime="20221114 19:18:03.940"/>
</kw>
<status status="PASS" starttime="20221114 19:18:01.049" endtime="20221114 19:18:03.940"/>
</kw>
<kw name="Wait For And Verify Element" library="common">
<arg>xpath=//input[contains(@onclick,"Search")]</arg>
<kw name="Wait Until Element Is Visible" library="SeleniumLibrary">
<arg>${locator}</arg>
<doc>Waits until the element ``locator`` is visible.</doc>
<status status="PASS" starttime="20221114 19:18:03.941" endtime="20221114 19:18:06.177"/>
</kw>
<kw name="Wait Until Page Contains Element" library="SeleniumLibrary">
<arg>${locator}</arg>
<doc>Waits until the element ``locator`` appears on the current page.</doc>
<status status="PASS" starttime="20221114 19:18:06.177" endtime="20221114 19:18:06.185"/>
</kw>
<status status="PASS" starttime="20221114 19:18:03.940" endtime="20221114 19:18:06.185"/>
</kw>
<kw name="Wait For And Click Element" library="common">
<arg>xpath=//input[contains(@onclick,"Search")]</arg>
<kw name="Wait Until Element Is Visible" library="SeleniumLibrary">
<arg>${locator}</arg>
<doc>Waits until the element ``locator`` is visible.</doc>
<status status="PASS" starttime="20221114 19:18:06.185" endtime="20221114 19:18:06.199"/>
</kw>
<kw name="Click Element" library="SeleniumLibrary">
<arg>${locator}</arg>
<doc>Click the element identified by ``locator``.</doc>
<msg timestamp="20221114 19:18:06.199" level="INFO">Clicking element 'xpath=//input[contains(@onclick,"Search")]'.</msg>
<status status="PASS" starttime="20221114 19:18:06.199" endtime="20221114 19:18:06.266"/>
</kw>
<kw name="Sleep" library="BuiltIn">
<arg>50ms</arg>
<doc>Pauses the test executed for the given time.</doc>
<msg timestamp="20221114 19:18:06.322" level="INFO">Slept 50 milliseconds</msg>
<status status="PASS" starttime="20221114 19:18:06.267" endtime="20221114 19:18:06.322"/>
</kw>
<status status="PASS" starttime="20221114 19:18:06.185" endtime="20221114 19:18:06.322"/>
</kw>
<kw name="Wait For And Verify Element" library="common">
<arg>xpath=//div[@class="pkv-searchresult-section-inner"]</arg>
<kw name="Wait Until Element Is Visible" library="SeleniumLibrary">
<arg>${locator}</arg>
<doc>Waits until the element ``locator`` is visible.</doc>
<status status="PASS" starttime="20221114 19:18:06.322" endtime="20221114 19:18:06.995"/>
</kw>
<kw name="Wait Until Page Contains Element" library="SeleniumLibrary">
<arg>${locator}</arg>
<doc>Waits until the element ``locator`` appears on the current page.</doc>
<status status="PASS" starttime="20221114 19:18:06.995" endtime="20221114 19:18:07.002"/>
</kw>
<status status="PASS" starttime="20221114 19:18:06.322" endtime="20221114 19:18:07.002"/>
</kw>
<kw name="Sleep" library="BuiltIn">
<arg>0.5s</arg>
<doc>Pauses the test executed for the given time.</doc>
<msg timestamp="20221114 19:18:07.505" level="INFO">Slept 500 milliseconds</msg>
<status status="PASS" starttime="20221114 19:18:07.002" endtime="20221114 19:18:07.505"/>
</kw>
<status status="PASS" starttime="20221114 19:17:56.259" endtime="20221114 19:18:07.505"/>
</iter>
<iter>
<var name="${i}">5</var>
<kw name="Get Text" library="SeleniumLibrary">
<var>${text}</var>
<arg>(//li[@class="pkv-searchresult-item"]//div[@class="item-text j-text-body-xs"])[${i}]</arg>
<doc>Returns the text value of the element identified by ``locator``.</doc>
<msg timestamp="20221114 19:18:07.527" level="INFO">${text} = Get Jio SIM</msg>
<status status="PASS" starttime="20221114 19:18:07.505" endtime="20221114 19:18:07.527"/>
</kw>
<kw name="Get Element Attribute" library="SeleniumLibrary">
<var>${search_url}</var>
<arg>xpath=//a[contains(@onclick,'${i}')]</arg>
<arg>href</arg>
<doc>Returns the value of ``attribute`` from the element ``locator``.</doc>
<msg timestamp="20221114 19:18:07.545" level="INFO">${search_url} = https://www.jio.com/en-in/jio-postpaid-prepaid-home-delivery-book-appointment.html</msg>
<status status="PASS" starttime="20221114 19:18:07.527" endtime="20221114 19:18:07.545"/>
</kw>
<kw name="Wait For And Click Element" library="common">
<arg>(//li[@class="pkv-searchresult-item"])[${i}]</arg>
<kw name="Wait Until Element Is Visible" library="SeleniumLibrary">
<arg>${locator}</arg>
<doc>Waits until the element ``locator`` is visible.</doc>
<status status="PASS" starttime="20221114 19:18:07.545" endtime="20221114 19:18:07.565"/>
</kw>
<kw name="Click Element" library="SeleniumLibrary">
<arg>${locator}</arg>
<doc>Click the element identified by ``locator``.</doc>
<msg timestamp="20221114 19:18:07.565" level="INFO">Clicking element '(//li[@class="pkv-searchresult-item"])[5]'.</msg>
<status status="PASS" starttime="20221114 19:18:07.565" endtime="20221114 19:18:07.835"/>
</kw>
<kw name="Sleep" library="BuiltIn">
<arg>50ms</arg>
<doc>Pauses the test executed for the given time.</doc>
<msg timestamp="20221114 19:18:07.890" level="INFO">Slept 50 milliseconds</msg>
<status status="PASS" starttime="20221114 19:18:07.835" endtime="20221114 19:18:07.890"/>
</kw>
<status status="PASS" starttime="20221114 19:18:07.545" endtime="20221114 19:18:07.890"/>
</kw>
<kw name="Sleep" library="BuiltIn">
<arg>1.5s</arg>
<doc>Pauses the test executed for the given time.</doc>
<msg timestamp="20221114 19:18:09.406" level="INFO">Slept 1 second 500 milliseconds</msg>
<status status="PASS" starttime="20221114 19:18:07.890" endtime="20221114 19:18:09.406"/>
</kw>
<kw name="Take Screenshot" library="common">
<arg>quicklink_${text}</arg>
<kw name="Sleep" library="BuiltIn">
<arg>300ms</arg>
<doc>Pauses the test executed for the given time.</doc>
<msg timestamp="20221114 19:18:09.718" level="INFO">Slept 300 milliseconds</msg>
<status status="PASS" starttime="20221114 19:18:09.407" endtime="20221114 19:18:09.718"/>
</kw>
<kw name="Capture Page Screenshot" library="SeleniumLibrary">
<arg>${Sc_Name}.png</arg>
<doc>Takes a screenshot of the current page and embeds it into a log file.</doc>
<msg timestamp="20221114 19:18:09.876" level="INFO" html="true">&lt;/td&gt;&lt;/tr&gt;&lt;tr&gt;&lt;td colspan="3"&gt;&lt;a href="Header_Sc/quicklink_Get%20Jio%20SIM.png"&gt;&lt;img src="Header_Sc/quicklink_Get%20Jio%20SIM.png" width="800px"&gt;&lt;/a&gt;</msg>
<status status="PASS" starttime="20221114 19:18:09.718" endtime="20221114 19:18:09.876"/>
</kw>
<status status="PASS" starttime="20221114 19:18:09.406" endtime="20221114 19:18:09.876"/>
</kw>
<kw name="Log To Console" library="BuiltIn">
<arg>quicklink_${text} : ${search_url} Page Verified</arg>
<doc>Logs the given message to the console.</doc>
<status status="PASS" starttime="20221114 19:18:09.876" endtime="20221114 19:18:09.877"/>
</kw>
<kw name="Sleep" library="BuiltIn">
<arg>1.5s</arg>
<doc>Pauses the test executed for the given time.</doc>
<msg timestamp="20221114 19:18:11.392" level="INFO">Slept 1 second 500 milliseconds</msg>
<status status="PASS" starttime="20221114 19:18:09.877" endtime="20221114 19:18:11.392"/>
</kw>
<kw name="Visit Jio.com And Goto" library="common">
<arg>${Mobile}</arg>
<kw name="Visit Jio.com" library="common">
<kw name="Go To" library="SeleniumLibrary">
<arg>${URL}</arg>
<doc>Navigates the current browser window to the provided ``url``.</doc>
<msg timestamp="20221114 19:18:11.393" level="INFO">Opening url 'https://www.jio.com/'</msg>
<status status="PASS" starttime="20221114 19:18:11.393" endtime="20221114 19:18:11.640"/>
</kw>
<kw name="Sleep" library="BuiltIn">
<arg>500ms</arg>
<doc>Pauses the test executed for the given time.</doc>
<msg timestamp="20221114 19:18:12.153" level="INFO">Slept 500 milliseconds</msg>
<status status="PASS" starttime="20221114 19:18:11.640" endtime="20221114 19:18:12.153"/>
</kw>
<status status="PASS" starttime="20221114 19:18:11.393" endtime="20221114 19:18:12.153"/>
</kw>
<kw name="Wait For And Click Element" library="common">
<arg>${Page}</arg>
<kw name="Wait Until Element Is Visible" library="SeleniumLibrary">
<arg>${locator}</arg>
<doc>Waits until the element ``locator`` is visible.</doc>
<status status="PASS" starttime="20221114 19:18:12.154" endtime="20221114 19:18:16.741"/>
</kw>
<kw name="Click Element" library="SeleniumLibrary">
<arg>${locator}</arg>
<doc>Click the element identified by ``locator``.</doc>
<msg timestamp="20221114 19:18:16.742" level="INFO">Clicking element 'xpath=//a[@aria-label="Mobile"]'.</msg>
<status status="PASS" starttime="20221114 19:18:16.741" endtime="20221114 19:18:17.010"/>
</kw>
<kw name="Sleep" library="BuiltIn">
<arg>50ms</arg>
<doc>Pauses the test executed for the given time.</doc>
<msg timestamp="20221114 19:18:17.066" level="INFO">Slept 50 milliseconds</msg>
<status status="PASS" starttime="20221114 19:18:17.010" endtime="20221114 19:18:17.066"/>
</kw>
<status status="PASS" starttime="20221114 19:18:12.154" endtime="20221114 19:18:17.066"/>
</kw>
<status status="PASS" starttime="20221114 19:18:11.392" endtime="20221114 19:18:17.066"/>
</kw>
<kw name="Wait For And Verify Element" library="common">
<arg>xpath=//input[contains(@onclick,"Search")]</arg>
<kw name="Wait Until Element Is Visible" library="SeleniumLibrary">
<arg>${locator}</arg>
<doc>Waits until the element ``locator`` is visible.</doc>
<status status="PASS" starttime="20221114 19:18:17.066" endtime="20221114 19:18:21.948"/>
</kw>
<kw name="Wait Until Page Contains Element" library="SeleniumLibrary">
<arg>${locator}</arg>
<doc>Waits until the element ``locator`` appears on the current page.</doc>
<status status="PASS" starttime="20221114 19:18:21.948" endtime="20221114 19:18:21.955"/>
</kw>
<status status="PASS" starttime="20221114 19:18:17.066" endtime="20221114 19:18:21.956"/>
</kw>
<kw name="Wait For And Click Element" library="common">
<arg>xpath=//input[contains(@onclick,"Search")]</arg>
<kw name="Wait Until Element Is Visible" library="SeleniumLibrary">
<arg>${locator}</arg>
<doc>Waits until the element ``locator`` is visible.</doc>
<status status="PASS" starttime="20221114 19:18:21.956" endtime="20221114 19:18:21.972"/>
</kw>
<kw name="Click Element" library="SeleniumLibrary">
<arg>${locator}</arg>
<doc>Click the element identified by ``locator``.</doc>
<msg timestamp="20221114 19:18:21.973" level="INFO">Clicking element 'xpath=//input[contains(@onclick,"Search")]'.</msg>
<status status="PASS" starttime="20221114 19:18:21.972" endtime="20221114 19:18:22.038"/>
</kw>
<kw name="Sleep" library="BuiltIn">
<arg>50ms</arg>
<doc>Pauses the test executed for the given time.</doc>
<msg timestamp="20221114 19:18:22.104" level="INFO">Slept 50 milliseconds</msg>
<status status="PASS" starttime="20221114 19:18:22.038" endtime="20221114 19:18:22.104"/>
</kw>
<status status="PASS" starttime="20221114 19:18:21.956" endtime="20221114 19:18:22.104"/>
</kw>
<kw name="Wait For And Verify Element" library="common">
<arg>xpath=//div[@class="pkv-searchresult-section-inner"]</arg>
<kw name="Wait Until Element Is Visible" library="SeleniumLibrary">
<arg>${locator}</arg>
<doc>Waits until the element ``locator`` is visible.</doc>
<status status="PASS" starttime="20221114 19:18:22.104" endtime="20221114 19:18:22.573"/>
</kw>
<kw name="Wait Until Page Contains Element" library="SeleniumLibrary">
<arg>${locator}</arg>
<doc>Waits until the element ``locator`` appears on the current page.</doc>
<status status="PASS" starttime="20221114 19:18:22.574" endtime="20221114 19:18:22.581"/>
</kw>
<status status="PASS" starttime="20221114 19:18:22.104" endtime="20221114 19:18:22.582"/>
</kw>
<kw name="Sleep" library="BuiltIn">
<arg>0.5s</arg>
<doc>Pauses the test executed for the given time.</doc>
<msg timestamp="20221114 19:18:23.093" level="INFO">Slept 500 milliseconds</msg>
<status status="PASS" starttime="20221114 19:18:22.582" endtime="20221114 19:18:23.093"/>
</kw>
<status status="PASS" starttime="20221114 19:18:07.505" endtime="20221114 19:18:23.093"/>
</iter>
<iter>
<var name="${i}">6</var>
<kw name="Get Text" library="SeleniumLibrary">
<var>${text}</var>
<arg>(//li[@class="pkv-searchresult-item"]//div[@class="item-text j-text-body-xs"])[${i}]</arg>
<doc>Returns the text value of the element identified by ``locator``.</doc>
<msg timestamp="20221114 19:18:23.113" level="INFO">${text} = JioFiber plans</msg>
<status status="PASS" starttime="20221114 19:18:23.093" endtime="20221114 19:18:23.113"/>
</kw>
<kw name="Get Element Attribute" library="SeleniumLibrary">
<var>${search_url}</var>
<arg>xpath=//a[contains(@onclick,'${i}')]</arg>
<arg>href</arg>
<doc>Returns the value of ``attribute`` from the element ``locator``.</doc>
<msg timestamp="20221114 19:18:23.133" level="INFO">${search_url} = https://www.jio.com/fiber/en-in/monthly-plans</msg>
<status status="PASS" starttime="20221114 19:18:23.113" endtime="20221114 19:18:23.133"/>
</kw>
<kw name="Wait For And Click Element" library="common">
<arg>(//li[@class="pkv-searchresult-item"])[${i}]</arg>
<kw name="Wait Until Element Is Visible" library="SeleniumLibrary">
<arg>${locator}</arg>
<doc>Waits until the element ``locator`` is visible.</doc>
<status status="PASS" starttime="20221114 19:18:23.134" endtime="20221114 19:18:23.150"/>
</kw>
<kw name="Click Element" library="SeleniumLibrary">
<arg>${locator}</arg>
<doc>Click the element identified by ``locator``.</doc>
<msg timestamp="20221114 19:18:23.150" level="INFO">Clicking element '(//li[@class="pkv-searchresult-item"])[6]'.</msg>
<status status="PASS" starttime="20221114 19:18:23.150" endtime="20221114 19:18:23.927"/>
</kw>
<kw name="Sleep" library="BuiltIn">
<arg>50ms</arg>
<doc>Pauses the test executed for the given time.</doc>
<msg timestamp="20221114 19:18:23.987" level="INFO">Slept 50 milliseconds</msg>
<status status="PASS" starttime="20221114 19:18:23.928" endtime="20221114 19:18:23.987"/>
</kw>
<status status="PASS" starttime="20221114 19:18:23.133" endtime="20221114 19:18:23.987"/>
</kw>
<kw name="Sleep" library="BuiltIn">
<arg>1.5s</arg>
<doc>Pauses the test executed for the given time.</doc>
<msg timestamp="20221114 19:18:25.502" level="INFO">Slept 1 second 500 milliseconds</msg>
<status status="PASS" starttime="20221114 19:18:23.987" endtime="20221114 19:18:25.502"/>
</kw>
<kw name="Take Screenshot" library="common">
<arg>quicklink_${text}</arg>
<kw name="Sleep" library="BuiltIn">
<arg>300ms</arg>
<doc>Pauses the test executed for the given time.</doc>
<msg timestamp="20221114 19:18:25.812" level="INFO">Slept 300 milliseconds</msg>
<status status="PASS" starttime="20221114 19:18:25.503" endtime="20221114 19:18:25.812"/>
</kw>
<kw name="Capture Page Screenshot" library="SeleniumLibrary">
<arg>${Sc_Name}.png</arg>
<doc>Takes a screenshot of the current page and embeds it into a log file.</doc>
<msg timestamp="20221114 19:18:25.953" level="INFO" html="true">&lt;/td&gt;&lt;/tr&gt;&lt;tr&gt;&lt;td colspan="3"&gt;&lt;a href="Header_Sc/quicklink_JioFiber%20plans.png"&gt;&lt;img src="Header_Sc/quicklink_JioFiber%20plans.png" width="800px"&gt;&lt;/a&gt;</msg>
<status status="PASS" starttime="20221114 19:18:25.812" endtime="20221114 19:18:25.953"/>
</kw>
<status status="PASS" starttime="20221114 19:18:25.502" endtime="20221114 19:18:25.953"/>
</kw>
<kw name="Log To Console" library="BuiltIn">
<arg>quicklink_${text} : ${search_url} Page Verified</arg>
<doc>Logs the given message to the console.</doc>
<status status="PASS" starttime="20221114 19:18:25.954" endtime="20221114 19:18:25.954"/>
</kw>
<kw name="Sleep" library="BuiltIn">
<arg>1.5s</arg>
<doc>Pauses the test executed for the given time.</doc>
<msg timestamp="20221114 19:18:27.463" level="INFO">Slept 1 second 500 milliseconds</msg>
<status status="PASS" starttime="20221114 19:18:25.954" endtime="20221114 19:18:27.463"/>
</kw>
<kw name="Visit Jio.com And Goto" library="common">
<arg>${Mobile}</arg>
<kw name="Visit Jio.com" library="common">
<kw name="Go To" library="SeleniumLibrary">
<arg>${URL}</arg>
<doc>Navigates the current browser window to the provided ``url``.</doc>
<msg timestamp="20221114 19:18:27.464" level="INFO">Opening url 'https://www.jio.com/'</msg>
<status status="PASS" starttime="20221114 19:18:27.463" endtime="20221114 19:18:27.708"/>
</kw>
<kw name="Sleep" library="BuiltIn">
<arg>500ms</arg>
<doc>Pauses the test executed for the given time.</doc>
<msg timestamp="20221114 19:18:28.210" level="INFO">Slept 500 milliseconds</msg>
<status status="PASS" starttime="20221114 19:18:27.708" endtime="20221114 19:18:28.210"/>
</kw>
<status status="PASS" starttime="20221114 19:18:27.463" endtime="20221114 19:18:28.210"/>
</kw>
<kw name="Wait For And Click Element" library="common">
<arg>${Page}</arg>
<kw name="Wait Until Element Is Visible" library="SeleniumLibrary">
<arg>${locator}</arg>
<doc>Waits until the element ``locator`` is visible.</doc>
<status status="PASS" starttime="20221114 19:18:28.211" endtime="20221114 19:18:32.741"/>
</kw>
<kw name="Click Element" library="SeleniumLibrary">
<arg>${locator}</arg>
<doc>Click the element identified by ``locator``.</doc>
<msg timestamp="20221114 19:18:32.741" level="INFO">Clicking element 'xpath=//a[@aria-label="Mobile"]'.</msg>
<status status="PASS" starttime="20221114 19:18:32.741" endtime="20221114 19:18:33.071"/>
</kw>
<kw name="Sleep" library="BuiltIn">
<arg>50ms</arg>
<doc>Pauses the test executed for the given time.</doc>
<msg timestamp="20221114 19:18:33.125" level="INFO">Slept 50 milliseconds</msg>
<status status="PASS" starttime="20221114 19:18:33.071" endtime="20221114 19:18:33.125"/>
</kw>
<status status="PASS" starttime="20221114 19:18:28.210" endtime="20221114 19:18:33.125"/>
</kw>
<status status="PASS" starttime="20221114 19:18:27.463" endtime="20221114 19:18:33.125"/>
</kw>
<kw name="Wait For And Verify Element" library="common">
<arg>xpath=//input[contains(@onclick,"Search")]</arg>
<kw name="Wait Until Element Is Visible" library="SeleniumLibrary">
<arg>${locator}</arg>
<doc>Waits until the element ``locator`` is visible.</doc>
<status status="PASS" starttime="20221114 19:18:33.126" endtime="20221114 19:18:38.000"/>
</kw>
<kw name="Wait Until Page Contains Element" library="SeleniumLibrary">
<arg>${locator}</arg>
<doc>Waits until the element ``locator`` appears on the current page.</doc>
<status status="PASS" starttime="20221114 19:18:38.000" endtime="20221114 19:18:38.009"/>
</kw>
<status status="PASS" starttime="20221114 19:18:33.125" endtime="20221114 19:18:38.009"/>
</kw>
<kw name="Wait For And Click Element" library="common">
<arg>xpath=//input[contains(@onclick,"Search")]</arg>
<kw name="Wait Until Element Is Visible" library="SeleniumLibrary">
<arg>${locator}</arg>
<doc>Waits until the element ``locator`` is visible.</doc>
<status status="PASS" starttime="20221114 19:18:38.010" endtime="20221114 19:18:38.024"/>
</kw>
<kw name="Click Element" library="SeleniumLibrary">
<arg>${locator}</arg>
<doc>Click the element identified by ``locator``.</doc>
<msg timestamp="20221114 19:18:38.025" level="INFO">Clicking element 'xpath=//input[contains(@onclick,"Search")]'.</msg>
<status status="PASS" starttime="20221114 19:18:38.024" endtime="20221114 19:18:38.095"/>
</kw>
<kw name="Sleep" library="BuiltIn">
<arg>50ms</arg>
<doc>Pauses the test executed for the given time.</doc>
<msg timestamp="20221114 19:18:38.158" level="INFO">Slept 50 milliseconds</msg>
<status status="PASS" starttime="20221114 19:18:38.096" endtime="20221114 19:18:38.158"/>
</kw>
<status status="PASS" starttime="20221114 19:18:38.009" endtime="20221114 19:18:38.158"/>
</kw>
<kw name="Wait For And Verify Element" library="common">
<arg>xpath=//div[@class="pkv-searchresult-section-inner"]</arg>
<kw name="Wait Until Element Is Visible" library="SeleniumLibrary">
<arg>${locator}</arg>
<doc>Waits until the element ``locator`` is visible.</doc>
<status status="PASS" starttime="20221114 19:18:38.159" endtime="20221114 19:18:38.615"/>
</kw>
<kw name="Wait Until Page Contains Element" library="SeleniumLibrary">
<arg>${locator}</arg>
<doc>Waits until the element ``locator`` appears on the current page.</doc>
<status status="PASS" starttime="20221114 19:18:38.615" endtime="20221114 19:18:38.624"/>
</kw>
<status status="PASS" starttime="20221114 19:18:38.158" endtime="20221114 19:18:38.624"/>
</kw>
<kw name="Sleep" library="BuiltIn">
<arg>0.5s</arg>
<doc>Pauses the test executed for the given time.</doc>
<msg timestamp="20221114 19:18:39.126" level="INFO">Slept 500 milliseconds</msg>
<status status="PASS" starttime="20221114 19:18:38.624" endtime="20221114 19:18:39.126"/>
</kw>
<status status="PASS" starttime="20221114 19:18:23.093" endtime="20221114 19:18:39.126"/>
</iter>
<status status="PASS" starttime="20221114 19:17:07.087" endtime="20221114 19:18:39.126"/>
</for>
<status status="PASS" starttime="20221114 19:16:39.754" endtime="20221114 19:18:39.126"/>
</kw>
<status status="PASS" starttime="20221114 19:16:39.754" endtime="20221114 19:18:39.127"/>
</kw>
<kw name="End Web Test" library="common" type="TEARDOWN">
<kw name="Close All Excel Documents" library="ExcelLibrary">
<doc>Closes all opened documents.</doc>
<status status="PASS" starttime="20221114 19:18:39.127" endtime="20221114 19:18:39.127"/>
</kw>
<kw name="Close Browser" library="SeleniumLibrary">
<doc>Closes the current browser.</doc>
<status status="PASS" starttime="20221114 19:18:39.128" endtime="20221114 19:18:43.141"/>
</kw>
<status status="PASS" starttime="20221114 19:18:39.127" endtime="20221114 19:18:43.142"/>
</kw>
<doc>This is 15th Testcase</doc>
<tag>TC15</tag>
<status status="PASS" starttime="20221114 19:16:35.891" endtime="20221114 19:18:43.142"/>
</test>
<test id="s1-t2" name="Confirm redirection of suggested links from search suggestions" line="20">
<kw name="Begin Web Test" library="common" type="SETUP">
<kw name="Open Excel Document" library="ExcelLibrary">
<arg>filename=Resources/JioWeb.xlsx</arg>
<arg>doc_id=JioWeb</arg>
<doc>Opens xlsx document file.</doc>
<status status="PASS" starttime="20221114 19:18:43.143" endtime="20221114 19:18:43.159"/>
</kw>
<kw name="Open Browser" library="SeleniumLibrary">
<arg>about:blank</arg>
<arg>${Browser}</arg>
<doc>Opens a new browser instance to the optional ``url``.</doc>
<msg timestamp="20221114 19:18:43.160" level="INFO">Opening browser 'chrome' to base url 'about:blank'.</msg>
<status status="PASS" starttime="20221114 19:18:43.159" endtime="20221114 19:18:46.608"/>
</kw>
<kw name="Maximize Browser Window" library="SeleniumLibrary">
<doc>Maximizes current browser window.</doc>
<status status="PASS" starttime="20221114 19:18:46.608" endtime="20221114 19:18:46.727"/>
</kw>
<status status="PASS" starttime="20221114 19:18:43.143" endtime="20221114 19:18:46.727"/>
</kw>
<kw name="Verify redirections of suggested links from search suggestions" library="MobileHeader_page">
<kw name="Suggested links Redirection" library="GlobalSearch">
<kw name="Visit Mobile Header page of Jio.com" library="MobileHeader_page">
<kw name="Landing on Mobile Page For Header" library="RedirectionForHeader">
<kw name="Visit Jio.com And Goto" library="common">
<arg>${Mobile}</arg>
<kw name="Visit Jio.com" library="common">
<kw name="Go To" library="SeleniumLibrary">
<arg>${URL}</arg>
<doc>Navigates the current browser window to the provided ``url``.</doc>
<msg timestamp="20221114 19:18:46.729" level="INFO">Opening url 'https://www.jio.com/'</msg>
<status status="PASS" starttime="20221114 19:18:46.728" endtime="20221114 19:19:18.139"/>
</kw>
<kw name="Sleep" library="BuiltIn">
<arg>500ms</arg>
<doc>Pauses the test executed for the given time.</doc>
<msg timestamp="20221114 19:19:18.645" level="INFO">Slept 500 milliseconds</msg>
<status status="PASS" starttime="20221114 19:19:18.140" endtime="20221114 19:19:18.645"/>
</kw>
<status status="PASS" starttime="20221114 19:18:46.728" endtime="20221114 19:19:18.645"/>
</kw>
<kw name="Wait For And Click Element" library="common">
<arg>${Page}</arg>
<kw name="Wait Until Element Is Visible" library="SeleniumLibrary">
<arg>${locator}</arg>
<doc>Waits until the element ``locator`` is visible.</doc>
<status status="PASS" starttime="20221114 19:19:18.646" endtime="20221114 19:19:18.675"/>
</kw>
<kw name="Click Element" library="SeleniumLibrary">
<arg>${locator}</arg>
<doc>Click the element identified by ``locator``.</doc>
<msg timestamp="20221114 19:19:18.675" level="INFO">Clicking element 'xpath=//a[@aria-label="Mobile"]'.</msg>
<status status="PASS" starttime="20221114 19:19:18.675" endtime="20221114 19:19:19.262"/>
</kw>
<kw name="Sleep" library="BuiltIn">
<arg>50ms</arg>
<doc>Pauses the test executed for the given time.</doc>
<msg timestamp="20221114 19:19:19.320" level="INFO">Slept 50 milliseconds</msg>
<status status="PASS" starttime="20221114 19:19:19.263" endtime="20221114 19:19:19.320"/>
</kw>
<status status="PASS" starttime="20221114 19:19:18.646" endtime="20221114 19:19:19.320"/>
</kw>
<status status="PASS" starttime="20221114 19:18:46.728" endtime="20221114 19:19:19.320"/>
</kw>
<kw name="URL Validation" library="common">
<arg>https://www.jio.com/mobile.html</arg>
<kw name="Sleep" library="BuiltIn">
<arg>500ms</arg>
<doc>Pauses the test executed for the given time.</doc>
<msg timestamp="20221114 19:19:19.826" level="INFO">Slept 500 milliseconds</msg>
<status status="PASS" starttime="20221114 19:19:19.320" endtime="20221114 19:19:19.826"/>
</kw>
<kw name="Wait Until Location Is" library="SeleniumLibrary">
<arg>${VURL}</arg>
<doc>Waits until the current URL is ``expected``.</doc>
<status status="PASS" starttime="20221114 19:19:19.826" endtime="20221114 19:19:19.833"/>
</kw>
<status status="PASS" starttime="20221114 19:19:19.320" endtime="20221114 19:19:19.833"/>
</kw>
<kw name="Set Screenshot Directory" library="SeleniumLibrary">
<arg>./Results/Mobile_Results/Header_Results/Header_Sc/</arg>
<doc>Sets the directory for captured screenshots.</doc>
<status status="PASS" starttime="20221114 19:19:19.833" endtime="20221114 19:19:19.835"/>
</kw>
<kw name="Take Screenshot" library="common">
<arg>MobilePage_Header_Loaded</arg>
<kw name="Sleep" library="BuiltIn">
<arg>300ms</arg>
<doc>Pauses the test executed for the given time.</doc>
<msg timestamp="20221114 19:19:20.139" level="INFO">Slept 300 milliseconds</msg>
<status status="PASS" starttime="20221114 19:19:19.835" endtime="20221114 19:19:20.139"/>
</kw>
<kw name="Capture Page Screenshot" library="SeleniumLibrary">
<arg>${Sc_Name}.png</arg>
<doc>Takes a screenshot of the current page and embeds it into a log file.</doc>
<msg timestamp="20221114 19:19:20.289" level="INFO" html="true">&lt;/td&gt;&lt;/tr&gt;&lt;tr&gt;&lt;td colspan="3"&gt;&lt;a href="Header_Sc/MobilePage_Header_Loaded.png"&gt;&lt;img src="Header_Sc/MobilePage_Header_Loaded.png" width="800px"&gt;&lt;/a&gt;</msg>
<status status="PASS" starttime="20221114 19:19:20.139" endtime="20221114 19:19:20.289"/>
</kw>
<status status="PASS" starttime="20221114 19:19:19.835" endtime="20221114 19:19:20.289"/>
</kw>
<status status="PASS" starttime="20221114 19:18:46.728" endtime="20221114 19:19:20.289"/>
</kw>
<status status="PASS" starttime="20221114 19:18:46.728" endtime="20221114 19:19:20.289"/>
</kw>
<kw name="Wait For And Click Element" library="common">
<arg>xpath=//input[contains(@onclick,"Search")]</arg>
<kw name="Wait Until Element Is Visible" library="SeleniumLibrary">
<arg>${locator}</arg>
<doc>Waits until the element ``locator`` is visible.</doc>
<status status="PASS" starttime="20221114 19:19:20.290" endtime="20221114 19:19:24.080"/>
</kw>
<kw name="Click Element" library="SeleniumLibrary">
<arg>${locator}</arg>
<doc>Click the element identified by ``locator``.</doc>
<msg timestamp="20221114 19:19:24.080" level="INFO">Clicking element 'xpath=//input[contains(@onclick,"Search")]'.</msg>
<status status="PASS" starttime="20221114 19:19:24.080" endtime="20221114 19:19:24.149"/>
</kw>
<kw name="Sleep" library="BuiltIn">
<arg>50ms</arg>
<doc>Pauses the test executed for the given time.</doc>
<msg timestamp="20221114 19:19:24.208" level="INFO">Slept 50 milliseconds</msg>
<status status="PASS" starttime="20221114 19:19:24.149" endtime="20221114 19:19:24.208"/>
</kw>
<status status="PASS" starttime="20221114 19:19:20.289" endtime="20221114 19:19:24.208"/>
</kw>
<kw name="Wait For And Verify Element" library="common">
<arg>xpath=//div[@class="pkv-searchresult-section-inner"]</arg>
<kw name="Wait Until Element Is Visible" library="SeleniumLibrary">
<arg>${locator}</arg>
<doc>Waits until the element ``locator`` is visible.</doc>
<status status="PASS" starttime="20221114 19:19:24.208" endtime="20221114 19:19:24.665"/>
</kw>
<kw name="Wait Until Page Contains Element" library="SeleniumLibrary">
<arg>${locator}</arg>
<doc>Waits until the element ``locator`` appears on the current page.</doc>
<status status="PASS" starttime="20221114 19:19:24.665" endtime="20221114 19:19:24.673"/>
</kw>
<status status="PASS" starttime="20221114 19:19:24.208" endtime="20221114 19:19:24.673"/>
</kw>
<kw name="Get WebElements" library="SeleniumLibrary">
<var>@{suggestions}</var>
<arg>xpath=//li[@class="pkv-searchresult-item static-suggestion"]</arg>
<doc>Returns a list of WebElement objects matching the ``locator``.</doc>
<msg timestamp="20221114 19:19:24.683" level="INFO">@{suggestions} = [ &lt;selenium.webdriver.remote.webelement.WebElement (session="4374b70d5ddef3f5cb7a29dd3de55228", element="055fe5c5-051c-42f6-a8ba-08d61635d2aa")&gt; | &lt;selenium.webdriver.remote.webelement.WebElement (ses...</msg>
<status status="PASS" starttime="20221114 19:19:24.673" endtime="20221114 19:19:24.683"/>
</kw>
<kw name="Get Length" library="BuiltIn">
<var>${len}</var>
<arg>${suggestions}</arg>
<doc>Returns and logs the length of the given item as an integer.</doc>
<msg timestamp="20221114 19:19:24.684" level="INFO">Length is 2</msg>
<msg timestamp="20221114 19:19:24.684" level="INFO">${len} = 2</msg>
<status status="PASS" starttime="20221114 19:19:24.684" endtime="20221114 19:19:24.684"/>
</kw>
<kw name="Log To Console" library="BuiltIn">
<arg>${len}</arg>
<doc>Logs the given message to the console.</doc>
<status status="PASS" starttime="20221114 19:19:24.684" endtime="20221114 19:19:24.684"/>
</kw>
<for flavor="IN RANGE">
<var>${i}</var>
<value>1</value>
<value>${len}+1</value>
<iter>
<var name="${i}">1</var>
<kw name="Get Text" library="SeleniumLibrary">
<var>${text}</var>
<arg>xpath=(//li[@class="pkv-searchresult-item static-suggestion"]//div[@class="item-text j-text-body-xs"])[${i}]</arg>
<doc>Returns the text value of the element identified by ``locator``.</doc>
<msg timestamp="20221114 19:19:24.703" level="INFO">${text} = </msg>
<status status="PASS" starttime="20221114 19:19:24.685" endtime="20221114 19:19:24.703"/>
</kw>
<kw name="Get Element Attribute" library="SeleniumLibrary">
<var>${search_url}</var>
<arg>xpath=//a[contains(@onclick,'${i}')]</arg>
<arg>href</arg>
<doc>Returns the value of ``attribute`` from the element ``locator``.</doc>
<msg timestamp="20221114 19:19:24.726" level="INFO">${search_url} = https://www.jio.com/selfcare/recharge/mobility/</msg>
<status status="PASS" starttime="20221114 19:19:24.704" endtime="20221114 19:19:24.726"/>
</kw>
<kw name="Wait For And Click Element" library="common">
<arg>xpath=(//li[@class="pkv-searchresult-item static-suggestion"])[${i}]</arg>
<kw name="Wait Until Element Is Visible" library="SeleniumLibrary">
<arg>${locator}</arg>
<doc>Waits until the element ``locator`` is visible.</doc>
<status status="PASS" starttime="20221114 19:19:24.727" endtime="20221114 19:19:24.964"/>
</kw>
<kw name="Click Element" library="SeleniumLibrary">
<arg>${locator}</arg>
<doc>Click the element identified by ``locator``.</doc>
<msg timestamp="20221114 19:19:24.965" level="INFO">Clicking element 'xpath=(//li[@class="pkv-searchresult-item static-suggestion"])[1]'.</msg>
<status status="PASS" starttime="20221114 19:19:24.965" endtime="20221114 19:19:25.724"/>
</kw>
<kw name="Sleep" library="BuiltIn">
<arg>50ms</arg>
<doc>Pauses the test executed for the given time.</doc>
<msg timestamp="20221114 19:19:25.780" level="INFO">Slept 50 milliseconds</msg>
<status status="PASS" starttime="20221114 19:19:25.725" endtime="20221114 19:19:25.780"/>
</kw>
<status status="PASS" starttime="20221114 19:19:24.726" endtime="20221114 19:19:25.780"/>
</kw>
<kw name="Sleep" library="BuiltIn">
<arg>1.5s</arg>
<doc>Pauses the test executed for the given time.</doc>
<msg timestamp="20221114 19:19:27.295" level="INFO">Slept 1 second 500 milliseconds</msg>
<status status="PASS" starttime="20221114 19:19:25.780" endtime="20221114 19:19:27.295"/>
</kw>
<kw name="Take Screenshot" library="common">
<arg>suggested_${text}</arg>
<kw name="Sleep" library="BuiltIn">
<arg>300ms</arg>
<doc>Pauses the test executed for the given time.</doc>
<msg timestamp="20221114 19:19:27.610" level="INFO">Slept 300 milliseconds</msg>
<status status="PASS" starttime="20221114 19:19:27.296" endtime="20221114 19:19:27.610"/>
</kw>
<kw name="Capture Page Screenshot" library="SeleniumLibrary">
<arg>${Sc_Name}.png</arg>
<doc>Takes a screenshot of the current page and embeds it into a log file.</doc>
<msg timestamp="20221114 19:19:27.736" level="INFO" html="true">&lt;/td&gt;&lt;/tr&gt;&lt;tr&gt;&lt;td colspan="3"&gt;&lt;a href="Header_Sc/suggested_.png"&gt;&lt;img src="Header_Sc/suggested_.png" width="800px"&gt;&lt;/a&gt;</msg>
<status status="PASS" starttime="20221114 19:19:27.610" endtime="20221114 19:19:27.736"/>
</kw>
<status status="PASS" starttime="20221114 19:19:27.295" endtime="20221114 19:19:27.736"/>
</kw>
<kw name="Log To Console" library="BuiltIn">
<arg>suggested_${text} : ${search_url} Page Verified</arg>
<doc>Logs the given message to the console.</doc>
<status status="PASS" starttime="20221114 19:19:27.736" endtime="20221114 19:19:27.737"/>
</kw>
<kw name="Sleep" library="BuiltIn">
<arg>1.5s</arg>
<doc>Pauses the test executed for the given time.</doc>
<msg timestamp="20221114 19:19:29.244" level="INFO">Slept 1 second 500 milliseconds</msg>
<status status="PASS" starttime="20221114 19:19:27.737" endtime="20221114 19:19:29.244"/>
</kw>
<kw name="Visit Jio.com And Goto" library="common">
<arg>${Mobile}</arg>
<kw name="Visit Jio.com" library="common">
<kw name="Go To" library="SeleniumLibrary">
<arg>${URL}</arg>
<doc>Navigates the current browser window to the provided ``url``.</doc>
<msg timestamp="20221114 19:19:29.245" level="INFO">Opening url 'https://www.jio.com/'</msg>
<status status="PASS" starttime="20221114 19:19:29.245" endtime="20221114 19:19:29.611"/>
</kw>
<kw name="Sleep" library="BuiltIn">
<arg>500ms</arg>
<doc>Pauses the test executed for the given time.</doc>
<msg timestamp="20221114 19:19:30.118" level="INFO">Slept 500 milliseconds</msg>
<status status="PASS" starttime="20221114 19:19:29.612" endtime="20221114 19:19:30.118"/>
</kw>
<status status="PASS" starttime="20221114 19:19:29.245" endtime="20221114 19:19:30.118"/>
</kw>
<kw name="Wait For And Click Element" library="common">
<arg>${Page}</arg>
<kw name="Wait Until Element Is Visible" library="SeleniumLibrary">
<arg>${locator}</arg>
<doc>Waits until the element ``locator`` is visible.</doc>
<status status="PASS" starttime="20221114 19:19:30.119" endtime="20221114 19:19:34.664"/>
</kw>
<kw name="Click Element" library="SeleniumLibrary">
<arg>${locator}</arg>
<doc>Click the element identified by ``locator``.</doc>
<msg timestamp="20221114 19:19:34.664" level="INFO">Clicking element 'xpath=//a[@aria-label="Mobile"]'.</msg>
<status status="PASS" starttime="20221114 19:19:34.664" endtime="20221114 19:19:34.919"/>
</kw>
<kw name="Sleep" library="BuiltIn">
<arg>50ms</arg>
<doc>Pauses the test executed for the given time.</doc>
<msg timestamp="20221114 19:19:34.973" level="INFO">Slept 50 milliseconds</msg>
<status status="PASS" starttime="20221114 19:19:34.920" endtime="20221114 19:19:34.973"/>
</kw>
<status status="PASS" starttime="20221114 19:19:30.118" endtime="20221114 19:19:34.973"/>
</kw>
<status status="PASS" starttime="20221114 19:19:29.244" endtime="20221114 19:19:34.973"/>
</kw>
<kw name="Wait For And Verify Element" library="common">
<arg>xpath=//input[contains(@onclick,"Search")]</arg>
<kw name="Wait Until Element Is Visible" library="SeleniumLibrary">
<arg>${locator}</arg>
<doc>Waits until the element ``locator`` is visible.</doc>
<status status="PASS" starttime="20221114 19:19:34.974" endtime="20221114 19:19:39.868"/>
</kw>
<kw name="Wait Until Page Contains Element" library="SeleniumLibrary">
<arg>${locator}</arg>
<doc>Waits until the element ``locator`` appears on the current page.</doc>
<status status="PASS" starttime="20221114 19:19:39.868" endtime="20221114 19:19:39.878"/>
</kw>
<status status="PASS" starttime="20221114 19:19:34.973" endtime="20221114 19:19:39.878"/>
</kw>
<kw name="Wait For And Click Element" library="common">
<arg>xpath=//input[contains(@onclick,"Search")]</arg>
<kw name="Wait Until Element Is Visible" library="SeleniumLibrary">
<arg>${locator}</arg>
<doc>Waits until the element ``locator`` is visible.</doc>
<status status="PASS" starttime="20221114 19:19:39.878" endtime="20221114 19:19:39.894"/>
</kw>
<kw name="Click Element" library="SeleniumLibrary">
<arg>${locator}</arg>
<doc>Click the element identified by ``locator``.</doc>
<msg timestamp="20221114 19:19:39.895" level="INFO">Clicking element 'xpath=//input[contains(@onclick,"Search")]'.</msg>
<status status="PASS" starttime="20221114 19:19:39.894" endtime="20221114 19:19:39.957"/>
</kw>
<kw name="Sleep" library="BuiltIn">
<arg>50ms</arg>
<doc>Pauses the test executed for the given time.</doc>
<msg timestamp="20221114 19:19:40.008" level="INFO">Slept 50 milliseconds</msg>
<status status="PASS" starttime="20221114 19:19:39.957" endtime="20221114 19:19:40.008"/>
</kw>
<status status="PASS" starttime="20221114 19:19:39.878" endtime="20221114 19:19:40.009"/>
</kw>
<kw name="Wait For And Verify Element" library="common">
<arg>xpath=//div[@class="pkv-searchresult-section-inner"]</arg>
<kw name="Wait Until Element Is Visible" library="SeleniumLibrary">
<arg>${locator}</arg>
<doc>Waits until the element ``locator`` is visible.</doc>
<status status="PASS" starttime="20221114 19:19:40.010" endtime="20221114 19:19:40.479"/>
</kw>
<kw name="Wait Until Page Contains Element" library="SeleniumLibrary">
<arg>${locator}</arg>
<doc>Waits until the element ``locator`` appears on the current page.</doc>
<status status="PASS" starttime="20221114 19:19:40.480" endtime="20221114 19:19:40.487"/>
</kw>
<status status="PASS" starttime="20221114 19:19:40.009" endtime="20221114 19:19:40.488"/>
</kw>
<kw name="Sleep" library="BuiltIn">
<arg>0.5s</arg>
<doc>Pauses the test executed for the given time.</doc>
<msg timestamp="20221114 19:19:40.998" level="INFO">Slept 500 milliseconds</msg>
<status status="PASS" starttime="20221114 19:19:40.488" endtime="20221114 19:19:40.998"/>
</kw>
[...]
</kw>
<kw name="Set Screenshot Directory" library="SeleniumLibrary">
<arg>./Results/Mobile_Results/Header_Results/Header_Sc/</arg>
<doc>Sets the directory for captured screenshots.</doc>
<status status="PASS" starttime="20221114 19:22:15.688" endtime="20221114 19:22:15.690"/>
</kw>
<status status="PASS" starttime="20221114 19:21:46.965" endtime="20221114 19:22:15.690"/>
</kw>
<status status="PASS" starttime="20221114 19:21:46.965" endtime="20221114 19:22:15.690"/>
</kw>
<kw name="Wait For And Click Element" library="common">
<arg>xpath=//a[contains(text(),'Shop')]</arg>
<kw name="Wait Until Element Is Visible" library="SeleniumLibrary">
<arg>${locator}</arg>
<doc>Waits until the element ``locator`` is visible.</doc>
<status status="PASS" starttime="20221114 19:22:15.690" endtime="20221114 19:22:15.717"/>
</kw>
<kw name="Click Element" library="SeleniumLibrary">
<arg>${locator}</arg>
<doc>Click the element identified by ``locator``.</doc>
<msg timestamp="20221114 19:22:15.717" level="INFO">Clicking element 'xpath=//a[contains(text(),'Shop')]'.</msg>
<status status="PASS" starttime="20221114 19:22:15.717" endtime="20221114 19:22:16.497"/>
</kw>
<kw name="Sleep" library="BuiltIn">
<arg>50ms</arg>
<doc>Pauses the test executed for the given time.</doc>
<msg timestamp="20221114 19:22:16.552" level="INFO">Slept 50 milliseconds</msg>
<status status="PASS" starttime="20221114 19:22:16.497" endtime="20221114 19:22:16.552"/>
</kw>
<status status="PASS" starttime="20221114 19:22:15.690" endtime="20221114 19:22:16.552"/>
</kw>
<kw name="Wait For And Click Element" library="common">
<arg>xpath=//a[contains(text(),'Accessories')]</arg>
<kw name="Wait Until Element Is Visible" library="SeleniumLibrary">
<arg>${locator}</arg>
<doc>Waits until the element ``locator`` is visible.</doc>
<status status="PASS" starttime="20221114 19:22:16.552" endtime="20221114 19:22:16.793"/>
</kw>
<kw name="Click Element" library="SeleniumLibrary">
<arg>${locator}</arg>
<doc>Click the element identified by ``locator``.</doc>
<msg timestamp="20221114 19:22:16.793" level="INFO">Clicking element 'xpath=//a[contains(text(),'Accessories')]'.</msg>
<status status="PASS" starttime="20221114 19:22:16.793" endtime="20221114 19:22:22.590"/>
</kw>
<kw name="Sleep" library="BuiltIn">
<arg>50ms</arg>
<doc>Pauses the test executed for the given time.</doc>
<msg timestamp="20221114 19:22:22.655" level="INFO">Slept 50 milliseconds</msg>
<status status="PASS" starttime="20221114 19:22:22.590" endtime="20221114 19:22:22.655"/>
</kw>
<status status="PASS" starttime="20221114 19:22:16.552" endtime="20221114 19:22:22.655"/>
</kw>
<kw name="Wait For And Click Element" library="common">
<arg>xpath=//img[@id="491581400"]</arg>
<kw name="Wait Until Element Is Visible" library="SeleniumLibrary">
<arg>${locator}</arg>
<doc>Waits until the element ``locator`` is visible.</doc>
<status status="PASS" starttime="20221114 19:22:22.656" endtime="20221114 19:22:22.677"/>
</kw>
<kw name="Click Element" library="SeleniumLibrary">
<arg>${locator}</arg>
<doc>Click the element identified by ``locator``.</doc>
<msg timestamp="20221114 19:22:22.677" level="INFO">Clicking element 'xpath=//img[@id="491581400"]'.</msg>
<status status="PASS" starttime="20221114 19:22:22.677" endtime="20221114 19:22:24.261"/>
</kw>
<kw name="Sleep" library="BuiltIn">
<arg>50ms</arg>
<doc>Pauses the test executed for the given time.</doc>
<msg timestamp="20221114 19:22:24.321" level="INFO">Slept 50 milliseconds</msg>
<status status="PASS" starttime="20221114 19:22:24.262" endtime="20221114 19:22:24.321"/>
</kw>
<status status="PASS" starttime="20221114 19:22:22.655" endtime="20221114 19:22:24.321"/>
</kw>
<kw name="Wait For And Input Text" library="common">
<arg>xpath=(//input[contains(@class,"pincode")])[1]</arg>
<arg>521225</arg>
<kw name="Wait Until Element Is Visible" library="SeleniumLibrary">
<arg>${locator}</arg>
<doc>Waits until the element ``locator`` is visible.</doc>
<status status="PASS" starttime="20221114 19:22:24.322" endtime="20221114 19:22:24.342"/>
</kw>
<kw name="Sleep" library="BuiltIn">
<arg>100ms</arg>
<doc>Pauses the test executed for the given time.</doc>
<msg timestamp="20221114 19:22:24.447" level="INFO">Slept 100 milliseconds</msg>
<status status="PASS" starttime="20221114 19:22:24.342" endtime="20221114 19:22:24.447"/>
</kw>
<kw name="Input Text" library="SeleniumLibrary">
<arg>${locator}</arg>
<arg>${text}</arg>
<doc>Types the given ``text`` into the text field identified by ``locator``.</doc>
<msg timestamp="20221114 19:22:24.448" level="INFO">Typing text '521225' into text field 'xpath=(//input[contains(@class,"pincode")])[1]'.</msg>
<status status="PASS" starttime="20221114 19:22:24.447" endtime="20221114 19:22:24.535"/>
</kw>
<status status="PASS" starttime="20221114 19:22:24.321" endtime="20221114 19:22:24.535"/>
</kw>
<kw name="Wait For And Click Element" library="common">
<arg>xpath=//button[contains(@class,"pincode")]</arg>
<kw name="Wait Until Element Is Visible" library="SeleniumLibrary">
<arg>${locator}</arg>
<doc>Waits until the element ``locator`` is visible.</doc>
<status status="PASS" starttime="20221114 19:22:24.536" endtime="20221114 19:22:24.558"/>
</kw>
<kw name="Click Element" library="SeleniumLibrary">
<arg>${locator}</arg>
<doc>Click the element identified by ``locator``.</doc>
<msg timestamp="20221114 19:22:24.559" level="INFO">Clicking element 'xpath=//button[contains(@class,"pincode")]'.</msg>
<status status="PASS" starttime="20221114 19:22:24.559" endtime="20221114 19:22:24.620"/>
</kw>
<kw name="Sleep" library="BuiltIn">
<arg>50ms</arg>
<doc>Pauses the test executed for the given time.</doc>
<msg timestamp="20221114 19:22:24.678" level="INFO">Slept 50 milliseconds</msg>
<status status="PASS" starttime="20221114 19:22:24.620" endtime="20221114 19:22:24.678"/>
</kw>
<status status="PASS" starttime="20221114 19:22:24.535" endtime="20221114 19:22:24.678"/>
</kw>
<kw name="Wait For And Verify Element" library="common">
<arg>xpath=//div[@id='stock-availaible-message']//p[contains(text(),'Stock available')]</arg>
<kw name="Wait Until Element Is Visible" library="SeleniumLibrary">
<arg>${locator}</arg>
<doc>Waits until the element ``locator`` is visible.</doc>
<status status="PASS" starttime="20221114 19:22:24.678" endtime="20221114 19:22:24.696"/>
</kw>
<kw name="Wait Until Page Contains Element" library="SeleniumLibrary">
<arg>${locator}</arg>
<doc>Waits until the element ``locator`` appears on the current page.</doc>
<status status="PASS" starttime="20221114 19:22:24.697" endtime="20221114 19:22:24.704"/>
</kw>
<status status="PASS" starttime="20221114 19:22:24.678" endtime="20221114 19:22:24.704"/>
</kw>
<kw name="Wait For And Click Element" library="common">
<arg>xpath=//button[@id="AddToCartBTN"]</arg>
<kw name="Wait Until Element Is Visible" library="SeleniumLibrary">
<arg>${locator}</arg>
<doc>Waits until the element ``locator`` is visible.</doc>
<status status="PASS" starttime="20221114 19:22:24.705" endtime="20221114 19:22:24.723"/>
</kw>
<kw name="Click Element" library="SeleniumLibrary">
<arg>${locator}</arg>
<doc>Click the element identified by ``locator``.</doc>
<msg timestamp="20221114 19:22:24.723" level="INFO">Clicking element 'xpath=//button[@id="AddToCartBTN"]'.</msg>
<status status="PASS" starttime="20221114 19:22:24.723" endtime="20221114 19:22:24.792"/>
</kw>
<kw name="Sleep" library="BuiltIn">
<arg>50ms</arg>
<doc>Pauses the test executed for the given time.</doc>
<msg timestamp="20221114 19:22:24.852" level="INFO">Slept 50 milliseconds</msg>
<status status="PASS" starttime="20221114 19:22:24.792" endtime="20221114 19:22:24.852"/>
</kw>
<status status="PASS" starttime="20221114 19:22:24.704" endtime="20221114 19:22:24.852"/>
</kw>
<kw name="Wait For And Verify Element" library="common">
<arg>xpath=//div[@class="digi-cartpopup-title desktop-heading-xs"][contains(text(),'cart!')]</arg>
<kw name="Wait Until Element Is Visible" library="SeleniumLibrary">
<arg>${locator}</arg>
<doc>Waits until the element ``locator`` is visible.</doc>
<status status="PASS" starttime="20221114 19:22:24.853" endtime="20221114 19:22:25.102"/>
</kw>
<kw name="Wait Until Page Contains Element" library="SeleniumLibrary">
<arg>${locator}</arg>
<doc>Waits until the element ``locator`` appears on the current page.</doc>
<status status="PASS" starttime="20221114 19:22:25.102" endtime="20221114 19:22:25.109"/>
</kw>
<status status="PASS" starttime="20221114 19:22:24.852" endtime="20221114 19:22:25.109"/>
</kw>
<kw name="Sleep" library="BuiltIn">
<arg>1s</arg>
<doc>Pauses the test executed for the given time.</doc>
<msg timestamp="20221114 19:22:26.121" level="INFO">Slept 1 second</msg>
<status status="PASS" starttime="20221114 19:22:25.109" endtime="20221114 19:22:26.121"/>
</kw>
<kw name="Wait For And Click Element" library="common">
<arg>xpath=//a[contains(text(),'Go to')]</arg>
<kw name="Wait Until Element Is Visible" library="SeleniumLibrary">
<arg>${locator}</arg>
<doc>Waits until the element ``locator`` is visible.</doc>
<status status="PASS" starttime="20221114 19:22:26.121" endtime="20221114 19:22:26.140"/>
</kw>
<kw name="Click Element" library="SeleniumLibrary">
<arg>${locator}</arg>
<doc>Click the element identified by ``locator``.</doc>
<msg timestamp="20221114 19:22:26.141" level="INFO">Clicking element 'xpath=//a[contains(text(),'Go to')]'.</msg>
<status status="PASS" starttime="20221114 19:22:26.140" endtime="20221114 19:22:28.562"/>
</kw>
<kw name="Sleep" library="BuiltIn">
<arg>50ms</arg>
<doc>Pauses the test executed for the given time.</doc>
<msg timestamp="20221114 19:22:28.618" level="INFO">Slept 50 milliseconds</msg>
<status status="PASS" starttime="20221114 19:22:28.562" endtime="20221114 19:22:28.618"/>
</kw>
<status status="PASS" starttime="20221114 19:22:26.121" endtime="20221114 19:22:28.618"/>
</kw>
<kw name="Wait For And Verify Content" library="common">
<arg>xpath=//span[@id='cartCountNew']</arg>
<arg>1</arg>
<kw name="Wait Until Element Is Visible" library="SeleniumLibrary">
<arg>${locator}</arg>
<doc>Waits until the element ``locator`` is visible.</doc>
<status status="PASS" starttime="20221114 19:22:28.619" endtime="20221114 19:22:30.613"/>
</kw>
<kw name="Sleep" library="BuiltIn">
<arg>200ms</arg>
<doc>Pauses the test executed for the given time.</doc>
<msg timestamp="20221114 19:22:30.821" level="INFO">Slept 200 milliseconds</msg>
<status status="PASS" starttime="20221114 19:22:30.613" endtime="20221114 19:22:30.821"/>
</kw>
<kw name="Element Should Contain" library="SeleniumLibrary">
<arg>${locator}</arg>
<arg>${str}</arg>
<doc>Verifies that element ``locator`` contains text ``expected``.</doc>
<msg timestamp="20221114 19:22:30.838" level="INFO">Element 'xpath=//span[@id='cartCountNew']' contains text '1'.</msg>
<status status="PASS" starttime="20221114 19:22:30.821" endtime="20221114 19:22:30.838"/>
</kw>
<status status="PASS" starttime="20221114 19:22:28.618" endtime="20221114 19:22:30.838"/>
</kw>
<kw name="Take Screenshot" library="common">
<arg>Product_To_Cart</arg>
<kw name="Sleep" library="BuiltIn">
<arg>300ms</arg>
<doc>Pauses the test executed for the given time.</doc>
<msg timestamp="20221114 19:22:31.150" level="INFO">Slept 300 milliseconds</msg>
<status status="PASS" starttime="20221114 19:22:30.839" endtime="20221114 19:22:31.150"/>
</kw>
<kw name="Capture Page Screenshot" library="SeleniumLibrary">
<arg>${Sc_Name}.png</arg>
<doc>Takes a screenshot of the current page and embeds it into a log file.</doc>
<msg timestamp="20221114 19:22:31.298" level="INFO" html="true">&lt;/td&gt;&lt;/tr&gt;&lt;tr&gt;&lt;td colspan="3"&gt;&lt;a href="Header_Sc/Product_To_Cart.png"&gt;&lt;img src="Header_Sc/Product_To_Cart.png" width="800px"&gt;&lt;/a&gt;</msg>
<status status="PASS" starttime="20221114 19:22:31.150" endtime="20221114 19:22:31.298"/>
</kw>
<status status="PASS" starttime="20221114 19:22:30.839" endtime="20221114 19:22:31.298"/>
</kw>
<status status="PASS" starttime="20221114 19:21:46.965" endtime="20221114 19:22:31.298"/>
</kw>
<kw name="Visit Main Page" library="MobileHeader_page">
<kw name="Landing on Jio.com" library="RedirectionForHeader">
<kw name="Visit Jio.com" library="common">
<kw name="Go To" library="SeleniumLibrary">
<arg>${URL}</arg>
<doc>Navigates the current browser window to the provided ``url``.</doc>
<msg timestamp="20221114 19:22:31.299" level="INFO">Opening url 'https://www.jio.com/'</msg>
<status status="PASS" starttime="20221114 19:22:31.299" endtime="20221114 19:22:31.667"/>
</kw>
<kw name="Sleep" library="BuiltIn">
<arg>500ms</arg>
<doc>Pauses the test executed for the given time.</doc>
<msg timestamp="20221114 19:22:32.177" level="INFO">Slept 500 milliseconds</msg>
<status status="PASS" starttime="20221114 19:22:31.667" endtime="20221114 19:22:32.177"/>
</kw>
<status status="PASS" starttime="20221114 19:22:31.298" endtime="20221114 19:22:32.177"/>
</kw>
<kw name="Set Screenshot Directory" library="SeleniumLibrary">
<arg>./Results/Mobile_Results/Header_Results/Header_Sc/</arg>
<doc>Sets the directory for captured screenshots.</doc>
<status status="PASS" starttime="20221114 19:22:32.178" endtime="20221114 19:22:32.178"/>
</kw>
<status status="PASS" starttime="20221114 19:22:31.298" endtime="20221114 19:22:32.178"/>
</kw>
<status status="PASS" starttime="20221114 19:22:31.298" endtime="20221114 19:22:32.179"/>
</kw>
<kw name="Wait For And Verify Content" library="common">
<arg>xpath=//span[@id='cartCountNew']</arg>
<arg>1</arg>
<kw name="Wait Until Element Is Visible" library="SeleniumLibrary">
<arg>${locator}</arg>
<doc>Waits until the element ``locator`` is visible.</doc>
<status status="PASS" starttime="20221114 19:22:32.179" endtime="20221114 19:22:36.720"/>
</kw>
<kw name="Sleep" library="BuiltIn">
<arg>200ms</arg>
<doc>Pauses the test executed for the given time.</doc>
<msg timestamp="20221114 19:22:36.926" level="INFO">Slept 200 milliseconds</msg>
<status status="PASS" starttime="20221114 19:22:36.720" endtime="20221114 19:22:36.926"/>
</kw>
<kw name="Element Should Contain" library="SeleniumLibrary">
<arg>${locator}</arg>
<arg>${str}</arg>
<doc>Verifies that element ``locator`` contains text ``expected``.</doc>
<msg timestamp="20221114 19:22:36.947" level="INFO">Element 'xpath=//span[@id='cartCountNew']' contains text '1'.</msg>
<status status="PASS" starttime="20221114 19:22:36.926" endtime="20221114 19:22:36.947"/>
</kw>
<status status="PASS" starttime="20221114 19:22:32.179" endtime="20221114 19:22:36.947"/>
</kw>
<kw name="Take Screenshot" library="common">
<arg>MyCart_HomePage</arg>
<kw name="Sleep" library="BuiltIn">
<arg>300ms</arg>
<doc>Pauses the test executed for the given time.</doc>
<msg timestamp="20221114 19:22:37.254" level="INFO">Slept 300 milliseconds</msg>
<status status="PASS" starttime="20221114 19:22:36.947" endtime="20221114 19:22:37.254"/>
</kw>
<kw name="Capture Page Screenshot" library="SeleniumLibrary">
<arg>${Sc_Name}.png</arg>
<doc>Takes a screenshot of the current page and embeds it into a log file.</doc>
<msg timestamp="20221114 19:22:37.971" level="INFO" html="true">&lt;/td&gt;&lt;/tr&gt;&lt;tr&gt;&lt;td colspan="3"&gt;&lt;a href="Header_Sc/MyCart_HomePage.png"&gt;&lt;img src="Header_Sc/MyCart_HomePage.png" width="800px"&gt;&lt;/a&gt;</msg>
<status status="PASS" starttime="20221114 19:22:37.254" endtime="20221114 19:22:37.972"/>
</kw>
<status status="PASS" starttime="20221114 19:22:36.947" endtime="20221114 19:22:37.972"/>
</kw>
<kw name="Wait For And Click Element" library="common">
<arg>xpath=//button[@title="My Cart"]</arg>
<kw name="Wait Until Element Is Visible" library="SeleniumLibrary">
<arg>${locator}</arg>
<doc>Waits until the element ``locator`` is visible.</doc>
<status status="PASS" starttime="20221114 19:22:37.972" endtime="20221114 19:22:37.996"/>
</kw>
<kw name="Click Element" library="SeleniumLibrary">
<arg>${locator}</arg>
<doc>Click the element identified by ``locator``.</doc>
<msg timestamp="20221114 19:22:37.996" level="INFO">Clicking element 'xpath=//button[@title="My Cart"]'.</msg>
<status status="PASS" starttime="20221114 19:22:37.996" endtime="20221114 19:22:38.057"/>
</kw>
<kw name="Sleep" library="BuiltIn">
<arg>50ms</arg>
<doc>Pauses the test executed for the given time.</doc>
<msg timestamp="20221114 19:22:38.119" level="INFO">Slept 50 milliseconds</msg>
<status status="PASS" starttime="20221114 19:22:38.057" endtime="20221114 19:22:38.119"/>
</kw>
<status status="PASS" starttime="20221114 19:22:37.972" endtime="20221114 19:22:38.120"/>
</kw>
<kw name="Wait For And Verify Element" library="common">
<arg>xpath=//img[@id="491581400"]</arg>
<kw name="Wait Until Element Is Visible" library="SeleniumLibrary">
<arg>${locator}</arg>
<doc>Waits until the element ``locator`` is visible.</doc>
<status status="PASS" starttime="20221114 19:22:38.120" endtime="20221114 19:22:41.828"/>
</kw>
<kw name="Wait Until Page Contains Element" library="SeleniumLibrary">
<arg>${locator}</arg>
<doc>Waits until the element ``locator`` appears on the current page.</doc>
<status status="PASS" starttime="20221114 19:22:41.828" endtime="20221114 19:22:41.840"/>
</kw>
<status status="PASS" starttime="20221114 19:22:38.120" endtime="20221114 19:22:41.841"/>
</kw>
<kw name="Log To Console" library="BuiltIn">
<arg>Product Verified in CartPage</arg>
<doc>Logs the given message to the console.</doc>
<status status="PASS" starttime="20221114 19:22:41.841" endtime="20221114 19:22:41.841"/>
</kw>
<kw name="Take Screenshot" library="common">
<arg>Product_in_Cart_Redirection</arg>
<kw name="Sleep" library="BuiltIn">
<arg>300ms</arg>
<doc>Pauses the test executed for the given time.</doc>
<msg timestamp="20221114 19:22:42.147" level="INFO">Slept 300 milliseconds</msg>
<status status="PASS" starttime="20221114 19:22:41.841" endtime="20221114 19:22:42.147"/>
</kw>
<kw name="Capture Page Screenshot" library="SeleniumLibrary">
<arg>${Sc_Name}.png</arg>
<doc>Takes a screenshot of the current page and embeds it into a log file.</doc>
<msg timestamp="20221114 19:22:42.356" level="INFO" html="true">&lt;/td&gt;&lt;/tr&gt;&lt;tr&gt;&lt;td colspan="3"&gt;&lt;a href="Header_Sc/Product_in_Cart_Redirection.png"&gt;&lt;img src="Header_Sc/Product_in_Cart_Redirection.png" width="800px"&gt;&lt;/a&gt;</msg>
<status status="PASS" starttime="20221114 19:22:42.147" endtime="20221114 19:22:42.356"/>
</kw>
<status status="PASS" starttime="20221114 19:22:41.841" endtime="20221114 19:22:42.356"/>
</kw>
<status status="PASS" starttime="20221114 19:21:46.965" endtime="20221114 19:22:42.356"/>
</kw>
<status status="PASS" starttime="20221114 19:21:46.965" endtime="20221114 19:22:42.357"/>
</kw>
<kw name="End Web Test" library="common" type="TEARDOWN">
<kw name="Close All Excel Documents" library="ExcelLibrary">
<doc>Closes all opened documents.</doc>
<status status="PASS" starttime="20221114 19:22:42.357" endtime="20221114 19:22:42.357"/>
</kw>
<kw name="Close Browser" library="SeleniumLibrary">
<doc>Closes the current browser.</doc>
<status status="PASS" starttime="20221114 19:22:42.357" endtime="20221114 19:22:44.681"/>
</kw>
<status status="PASS" starttime="20221114 19:22:42.357" endtime="20221114 19:22:44.681"/>
</kw>
<tag>TC27</tag>
<status status="PASS" starttime="20221114 19:21:43.338" endtime="20221114 19:22:44.682"/>
</test>
<doc>To Verify global search functionality on Mobile page</doc>
<status status="PASS" starttime="20221114 19:16:34.685" endtime="20221114 19:22:44.682"/>
</suite>
<statistics>
<total>
<stat pass="5" fail="0" skip="0">All Tests</stat>
</total>
<tag>
<stat pass="1" fail="0" skip="0">TC15</stat>
<stat pass="1" fail="0" skip="0">TC16</stat>
<stat pass="1" fail="0" skip="0">TC17</stat>
<stat pass="1" fail="0" skip="0">TC20</stat>
<stat pass="1" fail="0" skip="0">TC27</stat>
</tag>
<suite>
<stat pass="5" fail="0" skip="0" id="s1" name="Header main">Header main</stat>
</suite>
</statistics>
<errors>
</errors>
</robot>
